[2022-02-14 08:09:20] production.ERROR: No application encryption key has been specified. {"exception":"[object] (Illuminate\\Encryption\\MissingAppKeyException(code: 0): No application encryption key has been specified. at /home/lovis/Documents/G35-RECESS-WORK/vendor/laravel/framework/src/Illuminate/Encryption/EncryptionServiceProvider.php:101)
[stacktrace]
#0 /home/lovis/Documents/G35-RECESS-WORK/vendor/laravel/framework/src/Illuminate/Support/helpers.php(263): Illuminate\\Encryption\\EncryptionServiceProvider->Illuminate\\Encryption\\{closure}()
#1 /home/lovis/Documents/G35-RECESS-WORK/vendor/laravel/framework/src/Illuminate/Encryption/EncryptionServiceProvider.php(103): tap()
#2 /home/lovis/Documents/G35-RECESS-WORK/vendor/laravel/framework/src/Illuminate/Encryption/EncryptionServiceProvider.php(82): Illuminate\\Encryption\\EncryptionServiceProvider->key()
#3 /home/lovis/Documents/G35-RECESS-WORK/vendor/laravel/framework/src/Illuminate/Encryption/EncryptionServiceProvider.php(34): Illuminate\\Encryption\\EncryptionServiceProvider->parseKey()
#4 /home/lovis/Documents/G35-RECESS-WORK/vendor/laravel/framework/src/Illuminate/Container/Container.php(873): Illuminate\\Encryption\\EncryptionServiceProvider->Illuminate\\Encryption\\{closure}()
#5 /home/lovis/Documents/G35-RECESS-WORK/vendor/laravel/framework/src/Illuminate/Container/Container.php(758): Illuminate\\Container\\Container->build()
#6 /home/lovis/Documents/G35-RECESS-WORK/vendor/laravel/framework/src/Illuminate/Foundation/Application.php(851): Illuminate\\Container\\Container->resolve()
#7 /home/lovis/Documents/G35-RECESS-WORK/vendor/laravel/framework/src/Illuminate/Container/Container.php(694): Illuminate\\Foundation\\Application->resolve()
#8 /home/lovis/Documents/G35-RECESS-WORK/vendor/laravel/framework/src/Illuminate/Foundation/Application.php(836): Illuminate\\Container\\Container->make()
#9 /home/lovis/Documents/G35-RECESS-WORK/vendor/laravel/framework/src/Illuminate/Container/Container.php(1027): Illuminate\\Foundation\\Application->make()
#10 /home/lovis/Documents/G35-RECESS-WORK/vendor/laravel/framework/src/Illuminate/Container/Container.php(947): Illuminate\\Container\\Container->resolveClass()
#11 /home/lovis/Documents/G35-RECESS-WORK/vendor/laravel/framework/src/Illuminate/Container/Container.php(908): Illuminate\\Container\\Container->resolveDependencies()
#12 /home/lovis/Documents/G35-RECESS-WORK/vendor/laravel/framework/src/Illuminate/Container/Container.php(758): Illuminate\\Container\\Container->build()
#13 /home/lovis/Documents/G35-RECESS-WORK/vendor/laravel/framework/src/Illuminate/Foundation/Application.php(851): Illuminate\\Container\\Container->resolve()
#14 /home/lovis/Documents/G35-RECESS-WORK/vendor/laravel/framework/src/Illuminate/Container/Container.php(694): Illuminate\\Foundation\\Application->resolve()
#15 /home/lovis/Documents/G35-RECESS-WORK/vendor/laravel/framework/src/Illuminate/Foundation/Application.php(836): Illuminate\\Container\\Container->make()
#16 /home/lovis/Documents/G35-RECESS-WORK/vendor/laravel/framework/src/Illuminate/Pipeline/Pipeline.php(156): Illuminate\\Foundation\\Application->make()
#17 /home/lovis/Documents/G35-RECESS-WORK/vendor/laravel/framework/src/Illuminate/Pipeline/Pipeline.php(103): Illuminate\\Pipeline\\Pipeline->Illuminate\\Pipeline\\{closure}()
#18 /home/lovis/Documents/G35-RECESS-WORK/vendor/laravel/framework/src/Illuminate/Routing/Router.php(723): Illuminate\\Pipeline\\Pipeline->then()
#19 /home/lovis/Documents/G35-RECESS-WORK/vendor/laravel/framework/src/Illuminate/Routing/Router.php(698): Illuminate\\Routing\\Router->runRouteWithinStack()
#20 /home/lovis/Documents/G35-RECESS-WORK/vendor/laravel/framework/src/Illuminate/Routing/Router.php(662): Illuminate\\Routing\\Router->runRoute()
#21 /home/lovis/Documents/G35-RECESS-WORK/vendor/laravel/framework/src/Illuminate/Routing/Router.php(651): Illuminate\\Routing\\Router->dispatchToRoute()
#22 /home/lovis/Documents/G35-RECESS-WORK/vendor/laravel/framework/src/Illuminate/Foundation/Http/Kernel.php(167): Illuminate\\Routing\\Router->dispatch()
#23 /home/lovis/Documents/G35-RECESS-WORK/vendor/laravel/framework/src/Illuminate/Pipeline/Pipeline.php(128): Illuminate\\Foundation\\Http\\Kernel->Illuminate\\Foundation\\Http\\{closure}()
#24 /home/lovis/Documents/G35-RECESS-WORK/vendor/laravel/framework/src/Illuminate/Foundation/Http/Middleware/TransformsRequest.php(21): Illuminate\\Pipeline\\Pipeline->Illuminate\\Pipeline\\{closure}()
#25 /home/lovis/Documents/G35-RECESS-WORK/vendor/laravel/framework/src/Illuminate/Foundation/Http/Middleware/ConvertEmptyStringsToNull.php(31): Illuminate\\Foundation\\Http\\Middleware\\TransformsRequest->handle()
#26 /home/lovis/Documents/G35-RECESS-WORK/vendor/laravel/framework/src/Illuminate/Pipeline/Pipeline.php(167): Illuminate\\Foundation\\Http\\Middleware\\ConvertEmptyStringsToNull->handle()
#27 /home/lovis/Documents/G35-RECESS-WORK/vendor/laravel/framework/src/Illuminate/Foundation/Http/Middleware/TransformsRequest.php(21): Illuminate\\Pipeline\\Pipeline->Illuminate\\Pipeline\\{closure}()
#28 /home/lovis/Documents/G35-RECESS-WORK/vendor/laravel/framework/src/Illuminate/Foundation/Http/Middleware/TrimStrings.php(40): Illuminate\\Foundation\\Http\\Middleware\\TransformsRequest->handle()
#29 /home/lovis/Documents/G35-RECESS-WORK/vendor/laravel/framework/src/Illuminate/Pipeline/Pipeline.php(167): Illuminate\\Foundation\\Http\\Middleware\\TrimStrings->handle()
#30 /home/lovis/Documents/G35-RECESS-WORK/vendor/laravel/framework/src/Illuminate/Foundation/Http/Middleware/ValidatePostSize.php(27): Illuminate\\Pipeline\\Pipeline->Illuminate\\Pipeline\\{closure}()
#31 /home/lovis/Documents/G35-RECESS-WORK/vendor/laravel/framework/src/Illuminate/Pipeline/Pipeline.php(167): Illuminate\\Foundation\\Http\\Middleware\\ValidatePostSize->handle()
#32 /home/lovis/Documents/G35-RECESS-WORK/vendor/laravel/framework/src/Illuminate/Foundation/Http/Middleware/PreventRequestsDuringMaintenance.php(86): Illuminate\\Pipeline\\Pipeline->Illuminate\\Pipeline\\{closure}()
#33 /home/lovis/Documents/G35-RECESS-WORK/vendor/laravel/framework/src/Illuminate/Pipeline/Pipeline.php(167): Illuminate\\Foundation\\Http\\Middleware\\PreventRequestsDuringMaintenance->handle()
#34 /home/lovis/Documents/G35-RECESS-WORK/vendor/fruitcake/laravel-cors/src/HandleCors.php(38): Illuminate\\Pipeline\\Pipeline->Illuminate\\Pipeline\\{closure}()
#35 /home/lovis/Documents/G35-RECESS-WORK/vendor/laravel/framework/src/Illuminate/Pipeline/Pipeline.php(167): Fruitcake\\Cors\\HandleCors->handle()
#36 /home/lovis/Documents/G35-RECESS-WORK/vendor/fideloper/proxy/src/TrustProxies.php(57): Illuminate\\Pipeline\\Pipeline->Illuminate\\Pipeline\\{closure}()
#37 /home/lovis/Documents/G35-RECESS-WORK/vendor/laravel/framework/src/Illuminate/Pipeline/Pipeline.php(167): Fideloper\\Proxy\\TrustProxies->handle()
#38 /home/lovis/Documents/G35-RECESS-WORK/vendor/laravel/framework/src/Illuminate/Pipeline/Pipeline.php(103): Illuminate\\Pipeline\\Pipeline->Illuminate\\Pipeline\\{closure}()
#39 /home/lovis/Documents/G35-RECESS-WORK/vendor/laravel/framework/src/Illuminate/Foundation/Http/Kernel.php(142): Illuminate\\Pipeline\\Pipeline->then()
#40 /home/lovis/Documents/G35-RECESS-WORK/vendor/laravel/framework/src/Illuminate/Foundation/Http/Kernel.php(111): Illuminate\\Foundation\\Http\\Kernel->sendRequestThroughRouter()
#41 /home/lovis/Documents/G35-RECESS-WORK/public/index.php(52): Illuminate\\Foundation\\Http\\Kernel->handle()
#42 /home/lovis/Documents/G35-RECESS-WORK/server.php(21): require_once('/home/lovis/Doc...')
#43 {main}
"} 
[2022-02-14 08:09:20] production.ERROR: No application encryption key has been specified. {"exception":"[object] (Illuminate\\Encryption\\MissingAppKeyException(code: 0): No application encryption key has been specified. at /home/lovis/Documents/G35-RECESS-WORK/vendor/laravel/framework/src/Illuminate/Encryption/EncryptionServiceProvider.php:101)
[stacktrace]
#0 /home/lovis/Documents/G35-RECESS-WORK/vendor/laravel/framework/src/Illuminate/Support/helpers.php(263): Illuminate\\Encryption\\EncryptionServiceProvider->Illuminate\\Encryption\\{closure}()
#1 /home/lovis/Documents/G35-RECESS-WORK/vendor/laravel/framework/src/Illuminate/Encryption/EncryptionServiceProvider.php(103): tap()
#2 /home/lovis/Documents/G35-RECESS-WORK/vendor/laravel/framework/src/Illuminate/Encryption/EncryptionServiceProvider.php(82): Illuminate\\Encryption\\EncryptionServiceProvider->key()
#3 /home/lovis/Documents/G35-RECESS-WORK/vendor/laravel/framework/src/Illuminate/Encryption/EncryptionServiceProvider.php(34): Illuminate\\Encryption\\EncryptionServiceProvider->parseKey()
#4 /home/lovis/Documents/G35-RECESS-WORK/vendor/laravel/framework/src/Illuminate/Container/Container.php(873): Illuminate\\Encryption\\EncryptionServiceProvider->Illuminate\\Encryption\\{closure}()
#5 /home/lovis/Documents/G35-RECESS-WORK/vendor/laravel/framework/src/Illuminate/Container/Container.php(758): Illuminate\\Container\\Container->build()
#6 /home/lovis/Documents/G35-RECESS-WORK/vendor/laravel/framework/src/Illuminate/Foundation/Application.php(851): Illuminate\\Container\\Container->resolve()
#7 /home/lovis/Documents/G35-RECESS-WORK/vendor/laravel/framework/src/Illuminate/Container/Container.php(694): Illuminate\\Foundation\\Application->resolve()
#8 /home/lovis/Documents/G35-RECESS-WORK/vendor/laravel/framework/src/Illuminate/Foundation/Application.php(836): Illuminate\\Container\\Container->make()
#9 /home/lovis/Documents/G35-RECESS-WORK/vendor/laravel/framework/src/Illuminate/Container/Container.php(1027): Illuminate\\Foundation\\Application->make()
#10 /home/lovis/Documents/G35-RECESS-WORK/vendor/laravel/framework/src/Illuminate/Container/Container.php(947): Illuminate\\Container\\Container->resolveClass()
#11 /home/lovis/Documents/G35-RECESS-WORK/vendor/laravel/framework/src/Illuminate/Container/Container.php(908): Illuminate\\Container\\Container->resolveDependencies()
#12 /home/lovis/Documents/G35-RECESS-WORK/vendor/laravel/framework/src/Illuminate/Container/Container.php(758): Illuminate\\Container\\Container->build()
#13 /home/lovis/Documents/G35-RECESS-WORK/vendor/laravel/framework/src/Illuminate/Foundation/Application.php(851): Illuminate\\Container\\Container->resolve()
#14 /home/lovis/Documents/G35-RECESS-WORK/vendor/laravel/framework/src/Illuminate/Container/Container.php(694): Illuminate\\Foundation\\Application->resolve()
#15 /home/lovis/Documents/G35-RECESS-WORK/vendor/laravel/framework/src/Illuminate/Foundation/Application.php(836): Illuminate\\Container\\Container->make()
#16 /home/lovis/Documents/G35-RECESS-WORK/vendor/laravel/framework/src/Illuminate/Foundation/Http/Kernel.php(206): Illuminate\\Foundation\\Application->make()
#17 /home/lovis/Documents/G35-RECESS-WORK/vendor/laravel/framework/src/Illuminate/Foundation/Http/Kernel.php(180): Illuminate\\Foundation\\Http\\Kernel->terminateMiddleware()
#18 /home/lovis/Documents/G35-RECESS-WORK/public/index.php(55): Illuminate\\Foundation\\Http\\Kernel->terminate()
#19 /home/lovis/Documents/G35-RECESS-WORK/server.php(21): require_once('/home/lovis/Doc...')
#20 {main}
"} 
[2022-02-14 08:11:05] production.ERROR: No application encryption key has been specified. {"exception":"[object] (Illuminate\\Encryption\\MissingAppKeyException(code: 0): No application encryption key has been specified. at /home/lovis/Documents/G35-RECESS-WORK/vendor/laravel/framework/src/Illuminate/Encryption/EncryptionServiceProvider.php:101)
[stacktrace]
#0 /home/lovis/Documents/G35-RECESS-WORK/vendor/laravel/framework/src/Illuminate/Support/helpers.php(263): Illuminate\\Encryption\\EncryptionServiceProvider->Illuminate\\Encryption\\{closure}()
#1 /home/lovis/Documents/G35-RECESS-WORK/vendor/laravel/framework/src/Illuminate/Encryption/EncryptionServiceProvider.php(103): tap()
#2 /home/lovis/Documents/G35-RECESS-WORK/vendor/laravel/framework/src/Illuminate/Encryption/EncryptionServiceProvider.php(82): Illuminate\\Encryption\\EncryptionServiceProvider->key()
#3 /home/lovis/Documents/G35-RECESS-WORK/vendor/laravel/framework/src/Illuminate/Encryption/EncryptionServiceProvider.php(34): Illuminate\\Encryption\\EncryptionServiceProvider->parseKey()
#4 /home/lovis/Documents/G35-RECESS-WORK/vendor/laravel/framework/src/Illuminate/Container/Container.php(873): Illuminate\\Encryption\\EncryptionServiceProvider->Illuminate\\Encryption\\{closure}()
#5 /home/lovis/Documents/G35-RECESS-WORK/vendor/laravel/framework/src/Illuminate/Container/Container.php(758): Illuminate\\Container\\Container->build()
#6 /home/lovis/Documents/G35-RECESS-WORK/vendor/laravel/framework/src/Illuminate/Foundation/Application.php(851): Illuminate\\Container\\Container->resolve()
#7 /home/lovis/Documents/G35-RECESS-WORK/vendor/laravel/framework/src/Illuminate/Container/Container.php(694): Illuminate\\Foundation\\Application->resolve()
#8 /home/lovis/Documents/G35-RECESS-WORK/vendor/laravel/framework/src/Illuminate/Foundation/Application.php(836): Illuminate\\Container\\Container->make()
#9 /home/lovis/Documents/G35-RECESS-WORK/vendor/laravel/framework/src/Illuminate/Container/Container.php(1027): Illuminate\\Foundation\\Application->make()
#10 /home/lovis/Documents/G35-RECESS-WORK/vendor/laravel/framework/src/Illuminate/Container/Container.php(947): Illuminate\\Container\\Container->resolveClass()
#11 /home/lovis/Documents/G35-RECESS-WORK/vendor/laravel/framework/src/Illuminate/Container/Container.php(908): Illuminate\\Container\\Container->resolveDependencies()
#12 /home/lovis/Documents/G35-RECESS-WORK/vendor/laravel/framework/src/Illuminate/Container/Container.php(758): Illuminate\\Container\\Container->build()
#13 /home/lovis/Documents/G35-RECESS-WORK/vendor/laravel/framework/src/Illuminate/Foundation/Application.php(851): Illuminate\\Container\\Container->resolve()
#14 /home/lovis/Documents/G35-RECESS-WORK/vendor/laravel/framework/src/Illuminate/Container/Container.php(694): Illuminate\\Foundation\\Application->resolve()
#15 /home/lovis/Documents/G35-RECESS-WORK/vendor/laravel/framework/src/Illuminate/Foundation/Application.php(836): Illuminate\\Container\\Container->make()
#16 /home/lovis/Documents/G35-RECESS-WORK/vendor/laravel/framework/src/Illuminate/Pipeline/Pipeline.php(156): Illuminate\\Foundation\\Application->make()
#17 /home/lovis/Documents/G35-RECESS-WORK/vendor/laravel/framework/src/Illuminate/Pipeline/Pipeline.php(103): Illuminate\\Pipeline\\Pipeline->Illuminate\\Pipeline\\{closure}()
#18 /home/lovis/Documents/G35-RECESS-WORK/vendor/laravel/framework/src/Illuminate/Routing/Router.php(723): Illuminate\\Pipeline\\Pipeline->then()
#19 /home/lovis/Documents/G35-RECESS-WORK/vendor/laravel/framework/src/Illuminate/Routing/Router.php(698): Illuminate\\Routing\\Router->runRouteWithinStack()
#20 /home/lovis/Documents/G35-RECESS-WORK/vendor/laravel/framework/src/Illuminate/Routing/Router.php(662): Illuminate\\Routing\\Router->runRoute()
#21 /home/lovis/Documents/G35-RECESS-WORK/vendor/laravel/framework/src/Illuminate/Routing/Router.php(651): Illuminate\\Routing\\Router->dispatchToRoute()
#22 /home/lovis/Documents/G35-RECESS-WORK/vendor/laravel/framework/src/Illuminate/Foundation/Http/Kernel.php(167): Illuminate\\Routing\\Router->dispatch()
#23 /home/lovis/Documents/G35-RECESS-WORK/vendor/laravel/framework/src/Illuminate/Pipeline/Pipeline.php(128): Illuminate\\Foundation\\Http\\Kernel->Illuminate\\Foundation\\Http\\{closure}()
#24 /home/lovis/Documents/G35-RECESS-WORK/vendor/laravel/framework/src/Illuminate/Foundation/Http/Middleware/TransformsRequest.php(21): Illuminate\\Pipeline\\Pipeline->Illuminate\\Pipeline\\{closure}()
#25 /home/lovis/Documents/G35-RECESS-WORK/vendor/laravel/framework/src/Illuminate/Foundation/Http/Middleware/ConvertEmptyStringsToNull.php(31): Illuminate\\Foundation\\Http\\Middleware\\TransformsRequest->handle()
#26 /home/lovis/Documents/G35-RECESS-WORK/vendor/laravel/framework/src/Illuminate/Pipeline/Pipeline.php(167): Illuminate\\Foundation\\Http\\Middleware\\ConvertEmptyStringsToNull->handle()
#27 /home/lovis/Documents/G35-RECESS-WORK/vendor/laravel/framework/src/Illuminate/Foundation/Http/Middleware/TransformsRequest.php(21): Illuminate\\Pipeline\\Pipeline->Illuminate\\Pipeline\\{closure}()
#28 /home/lovis/Documents/G35-RECESS-WORK/vendor/laravel/framework/src/Illuminate/Foundation/Http/Middleware/TrimStrings.php(40): Illuminate\\Foundation\\Http\\Middleware\\TransformsRequest->handle()
#29 /home/lovis/Documents/G35-RECESS-WORK/vendor/laravel/framework/src/Illuminate/Pipeline/Pipeline.php(167): Illuminate\\Foundation\\Http\\Middleware\\TrimStrings->handle()
#30 /home/lovis/Documents/G35-RECESS-WORK/vendor/laravel/framework/src/Illuminate/Foundation/Http/Middleware/ValidatePostSize.php(27): Illuminate\\Pipeline\\Pipeline->Illuminate\\Pipeline\\{closure}()
#31 /home/lovis/Documents/G35-RECESS-WORK/vendor/laravel/framework/src/Illuminate/Pipeline/Pipeline.php(167): Illuminate\\Foundation\\Http\\Middleware\\ValidatePostSize->handle()
#32 /home/lovis/Documents/G35-RECESS-WORK/vendor/laravel/framework/src/Illuminate/Foundation/Http/Middleware/PreventRequestsDuringMaintenance.php(86): Illuminate\\Pipeline\\Pipeline->Illuminate\\Pipeline\\{closure}()
#33 /home/lovis/Documents/G35-RECESS-WORK/vendor/laravel/framework/src/Illuminate/Pipeline/Pipeline.php(167): Illuminate\\Foundation\\Http\\Middleware\\PreventRequestsDuringMaintenance->handle()
#34 /home/lovis/Documents/G35-RECESS-WORK/vendor/fruitcake/laravel-cors/src/HandleCors.php(38): Illuminate\\Pipeline\\Pipeline->Illuminate\\Pipeline\\{closure}()
#35 /home/lovis/Documents/G35-RECESS-WORK/vendor/laravel/framework/src/Illuminate/Pipeline/Pipeline.php(167): Fruitcake\\Cors\\HandleCors->handle()
#36 /home/lovis/Documents/G35-RECESS-WORK/vendor/fideloper/proxy/src/TrustProxies.php(57): Illuminate\\Pipeline\\Pipeline->Illuminate\\Pipeline\\{closure}()
#37 /home/lovis/Documents/G35-RECESS-WORK/vendor/laravel/framework/src/Illuminate/Pipeline/Pipeline.php(167): Fideloper\\Proxy\\TrustProxies->handle()
#38 /home/lovis/Documents/G35-RECESS-WORK/vendor/laravel/framework/src/Illuminate/Pipeline/Pipeline.php(103): Illuminate\\Pipeline\\Pipeline->Illuminate\\Pipeline\\{closure}()
#39 /home/lovis/Documents/G35-RECESS-WORK/vendor/laravel/framework/src/Illuminate/Foundation/Http/Kernel.php(142): Illuminate\\Pipeline\\Pipeline->then()
#40 /home/lovis/Documents/G35-RECESS-WORK/vendor/laravel/framework/src/Illuminate/Foundation/Http/Kernel.php(111): Illuminate\\Foundation\\Http\\Kernel->sendRequestThroughRouter()
#41 /home/lovis/Documents/G35-RECESS-WORK/public/index.php(52): Illuminate\\Foundation\\Http\\Kernel->handle()
#42 /home/lovis/Documents/G35-RECESS-WORK/server.php(21): require_once('/home/lovis/Doc...')
#43 {main}
"} 
[2022-02-14 08:11:05] production.ERROR: No application encryption key has been specified. {"exception":"[object] (Illuminate\\Encryption\\MissingAppKeyException(code: 0): No application encryption key has been specified. at /home/lovis/Documents/G35-RECESS-WORK/vendor/laravel/framework/src/Illuminate/Encryption/EncryptionServiceProvider.php:101)
[stacktrace]
#0 /home/lovis/Documents/G35-RECESS-WORK/vendor/laravel/framework/src/Illuminate/Support/helpers.php(263): Illuminate\\Encryption\\EncryptionServiceProvider->Illuminate\\Encryption\\{closure}()
#1 /home/lovis/Documents/G35-RECESS-WORK/vendor/laravel/framework/src/Illuminate/Encryption/EncryptionServiceProvider.php(103): tap()
#2 /home/lovis/Documents/G35-RECESS-WORK/vendor/laravel/framework/src/Illuminate/Encryption/EncryptionServiceProvider.php(82): Illuminate\\Encryption\\EncryptionServiceProvider->key()
#3 /home/lovis/Documents/G35-RECESS-WORK/vendor/laravel/framework/src/Illuminate/Encryption/EncryptionServiceProvider.php(34): Illuminate\\Encryption\\EncryptionServiceProvider->parseKey()
#4 /home/lovis/Documents/G35-RECESS-WORK/vendor/laravel/framework/src/Illuminate/Container/Container.php(873): Illuminate\\Encryption\\EncryptionServiceProvider->Illuminate\\Encryption\\{closure}()
#5 /home/lovis/Documents/G35-RECESS-WORK/vendor/laravel/framework/src/Illuminate/Container/Container.php(758): Illuminate\\Container\\Container->build()
#6 /home/lovis/Documents/G35-RECESS-WORK/vendor/laravel/framework/src/Illuminate/Foundation/Application.php(851): Illuminate\\Container\\Container->resolve()
#7 /home/lovis/Documents/G35-RECESS-WORK/vendor/laravel/framework/src/Illuminate/Container/Container.php(694): Illuminate\\Foundation\\Application->resolve()
#8 /home/lovis/Documents/G35-RECESS-WORK/vendor/laravel/framework/src/Illuminate/Foundation/Application.php(836): Illuminate\\Container\\Container->make()
#9 /home/lovis/Documents/G35-RECESS-WORK/vendor/laravel/framework/src/Illuminate/Container/Container.php(1027): Illuminate\\Foundation\\Application->make()
#10 /home/lovis/Documents/G35-RECESS-WORK/vendor/laravel/framework/src/Illuminate/Container/Container.php(947): Illuminate\\Container\\Container->resolveClass()
#11 /home/lovis/Documents/G35-RECESS-WORK/vendor/laravel/framework/src/Illuminate/Container/Container.php(908): Illuminate\\Container\\Container->resolveDependencies()
#12 /home/lovis/Documents/G35-RECESS-WORK/vendor/laravel/framework/src/Illuminate/Container/Container.php(758): Illuminate\\Container\\Container->build()
#13 /home/lovis/Documents/G35-RECESS-WORK/vendor/laravel/framework/src/Illuminate/Foundation/Application.php(851): Illuminate\\Container\\Container->resolve()
#14 /home/lovis/Documents/G35-RECESS-WORK/vendor/laravel/framework/src/Illuminate/Container/Container.php(694): Illuminate\\Foundation\\Application->resolve()
#15 /home/lovis/Documents/G35-RECESS-WORK/vendor/laravel/framework/src/Illuminate/Foundation/Application.php(836): Illuminate\\Container\\Container->make()
#16 /home/lovis/Documents/G35-RECESS-WORK/vendor/laravel/framework/src/Illuminate/Foundation/Http/Kernel.php(206): Illuminate\\Foundation\\Application->make()
#17 /home/lovis/Documents/G35-RECESS-WORK/vendor/laravel/framework/src/Illuminate/Foundation/Http/Kernel.php(180): Illuminate\\Foundation\\Http\\Kernel->terminateMiddleware()
#18 /home/lovis/Documents/G35-RECESS-WORK/public/index.php(55): Illuminate\\Foundation\\Http\\Kernel->terminate()
#19 /home/lovis/Documents/G35-RECESS-WORK/server.php(21): require_once('/home/lovis/Doc...')
#20 {main}
"} 
[2022-02-14 08:15:33] production.ERROR: No application encryption key has been specified. {"exception":"[object] (Illuminate\\Encryption\\MissingAppKeyException(code: 0): No application encryption key has been specified. at /home/lovis/Documents/G35-RECESS-WORK/vendor/laravel/framework/src/Illuminate/Encryption/EncryptionServiceProvider.php:101)
[stacktrace]
#0 /home/lovis/Documents/G35-RECESS-WORK/vendor/laravel/framework/src/Illuminate/Support/helpers.php(263): Illuminate\\Encryption\\EncryptionServiceProvider->Illuminate\\Encryption\\{closure}()
#1 /home/lovis/Documents/G35-RECESS-WORK/vendor/laravel/framework/src/Illuminate/Encryption/EncryptionServiceProvider.php(103): tap()
#2 /home/lovis/Documents/G35-RECESS-WORK/vendor/laravel/framework/src/Illuminate/Encryption/EncryptionServiceProvider.php(82): Illuminate\\Encryption\\EncryptionServiceProvider->key()
#3 /home/lovis/Documents/G35-RECESS-WORK/vendor/laravel/framework/src/Illuminate/Encryption/EncryptionServiceProvider.php(34): Illuminate\\Encryption\\EncryptionServiceProvider->parseKey()
#4 /home/lovis/Documents/G35-RECESS-WORK/vendor/laravel/framework/src/Illuminate/Container/Container.php(873): Illuminate\\Encryption\\EncryptionServiceProvider->Illuminate\\Encryption\\{closure}()
#5 /home/lovis/Documents/G35-RECESS-WORK/vendor/laravel/framework/src/Illuminate/Container/Container.php(758): Illuminate\\Container\\Container->build()
#6 /home/lovis/Documents/G35-RECESS-WORK/vendor/laravel/framework/src/Illuminate/Foundation/Application.php(851): Illuminate\\Container\\Container->resolve()
#7 /home/lovis/Documents/G35-RECESS-WORK/vendor/laravel/framework/src/Illuminate/Container/Container.php(694): Illuminate\\Foundation\\Application->resolve()
#8 /home/lovis/Documents/G35-RECESS-WORK/vendor/laravel/framework/src/Illuminate/Foundation/Application.php(836): Illuminate\\Container\\Container->make()
#9 /home/lovis/Documents/G35-RECESS-WORK/vendor/laravel/framework/src/Illuminate/Container/Container.php(1027): Illuminate\\Foundation\\Application->make()
#10 /home/lovis/Documents/G35-RECESS-WORK/vendor/laravel/framework/src/Illuminate/Container/Container.php(947): Illuminate\\Container\\Container->resolveClass()
#11 /home/lovis/Documents/G35-RECESS-WORK/vendor/laravel/framework/src/Illuminate/Container/Container.php(908): Illuminate\\Container\\Container->resolveDependencies()
#12 /home/lovis/Documents/G35-RECESS-WORK/vendor/laravel/framework/src/Illuminate/Container/Container.php(758): Illuminate\\Container\\Container->build()
#13 /home/lovis/Documents/G35-RECESS-WORK/vendor/laravel/framework/src/Illuminate/Foundation/Application.php(851): Illuminate\\Container\\Container->resolve()
#14 /home/lovis/Documents/G35-RECESS-WORK/vendor/laravel/framework/src/Illuminate/Container/Container.php(694): Illuminate\\Foundation\\Application->resolve()
#15 /home/lovis/Documents/G35-RECESS-WORK/vendor/laravel/framework/src/Illuminate/Foundation/Application.php(836): Illuminate\\Container\\Container->make()
#16 /home/lovis/Documents/G35-RECESS-WORK/vendor/laravel/framework/src/Illuminate/Pipeline/Pipeline.php(156): Illuminate\\Foundation\\Application->make()
#17 /home/lovis/Documents/G35-RECESS-WORK/vendor/laravel/framework/src/Illuminate/Pipeline/Pipeline.php(103): Illuminate\\Pipeline\\Pipeline->Illuminate\\Pipeline\\{closure}()
#18 /home/lovis/Documents/G35-RECESS-WORK/vendor/laravel/framework/src/Illuminate/Routing/Router.php(723): Illuminate\\Pipeline\\Pipeline->then()
#19 /home/lovis/Documents/G35-RECESS-WORK/vendor/laravel/framework/src/Illuminate/Routing/Router.php(698): Illuminate\\Routing\\Router->runRouteWithinStack()
#20 /home/lovis/Documents/G35-RECESS-WORK/vendor/laravel/framework/src/Illuminate/Routing/Router.php(662): Illuminate\\Routing\\Router->runRoute()
#21 /home/lovis/Documents/G35-RECESS-WORK/vendor/laravel/framework/src/Illuminate/Routing/Router.php(651): Illuminate\\Routing\\Router->dispatchToRoute()
#22 /home/lovis/Documents/G35-RECESS-WORK/vendor/laravel/framework/src/Illuminate/Foundation/Http/Kernel.php(167): Illuminate\\Routing\\Router->dispatch()
#23 /home/lovis/Documents/G35-RECESS-WORK/vendor/laravel/framework/src/Illuminate/Pipeline/Pipeline.php(128): Illuminate\\Foundation\\Http\\Kernel->Illuminate\\Foundation\\Http\\{closure}()
#24 /home/lovis/Documents/G35-RECESS-WORK/vendor/laravel/framework/src/Illuminate/Foundation/Http/Middleware/TransformsRequest.php(21): Illuminate\\Pipeline\\Pipeline->Illuminate\\Pipeline\\{closure}()
#25 /home/lovis/Documents/G35-RECESS-WORK/vendor/laravel/framework/src/Illuminate/Foundation/Http/Middleware/ConvertEmptyStringsToNull.php(31): Illuminate\\Foundation\\Http\\Middleware\\TransformsRequest->handle()
#26 /home/lovis/Documents/G35-RECESS-WORK/vendor/laravel/framework/src/Illuminate/Pipeline/Pipeline.php(167): Illuminate\\Foundation\\Http\\Middleware\\ConvertEmptyStringsToNull->handle()
#27 /home/lovis/Documents/G35-RECESS-WORK/vendor/laravel/framework/src/Illuminate/Foundation/Http/Middleware/TransformsRequest.php(21): Illuminate\\Pipeline\\Pipeline->Illuminate\\Pipeline\\{closure}()
#28 /home/lovis/Documents/G35-RECESS-WORK/vendor/laravel/framework/src/Illuminate/Foundation/Http/Middleware/TrimStrings.php(40): Illuminate\\Foundation\\Http\\Middleware\\TransformsRequest->handle()
#29 /home/lovis/Documents/G35-RECESS-WORK/vendor/laravel/framework/src/Illuminate/Pipeline/Pipeline.php(167): Illuminate\\Foundation\\Http\\Middleware\\TrimStrings->handle()
#30 /home/lovis/Documents/G35-RECESS-WORK/vendor/laravel/framework/src/Illuminate/Foundation/Http/Middleware/ValidatePostSize.php(27): Illuminate\\Pipeline\\Pipeline->Illuminate\\Pipeline\\{closure}()
#31 /home/lovis/Documents/G35-RECESS-WORK/vendor/laravel/framework/src/Illuminate/Pipeline/Pipeline.php(167): Illuminate\\Foundation\\Http\\Middleware\\ValidatePostSize->handle()
#32 /home/lovis/Documents/G35-RECESS-WORK/vendor/laravel/framework/src/Illuminate/Foundation/Http/Middleware/PreventRequestsDuringMaintenance.php(86): Illuminate\\Pipeline\\Pipeline->Illuminate\\Pipeline\\{closure}()
#33 /home/lovis/Documents/G35-RECESS-WORK/vendor/laravel/framework/src/Illuminate/Pipeline/Pipeline.php(167): Illuminate\\Foundation\\Http\\Middleware\\PreventRequestsDuringMaintenance->handle()
#34 /home/lovis/Documents/G35-RECESS-WORK/vendor/fruitcake/laravel-cors/src/HandleCors.php(38): Illuminate\\Pipeline\\Pipeline->Illuminate\\Pipeline\\{closure}()
#35 /home/lovis/Documents/G35-RECESS-WORK/vendor/laravel/framework/src/Illuminate/Pipeline/Pipeline.php(167): Fruitcake\\Cors\\HandleCors->handle()
#36 /home/lovis/Documents/G35-RECESS-WORK/vendor/fideloper/proxy/src/TrustProxies.php(57): Illuminate\\Pipeline\\Pipeline->Illuminate\\Pipeline\\{closure}()
#37 /home/lovis/Documents/G35-RECESS-WORK/vendor/laravel/framework/src/Illuminate/Pipeline/Pipeline.php(167): Fideloper\\Proxy\\TrustProxies->handle()
#38 /home/lovis/Documents/G35-RECESS-WORK/vendor/laravel/framework/src/Illuminate/Pipeline/Pipeline.php(103): Illuminate\\Pipeline\\Pipeline->Illuminate\\Pipeline\\{closure}()
#39 /home/lovis/Documents/G35-RECESS-WORK/vendor/laravel/framework/src/Illuminate/Foundation/Http/Kernel.php(142): Illuminate\\Pipeline\\Pipeline->then()
#40 /home/lovis/Documents/G35-RECESS-WORK/vendor/laravel/framework/src/Illuminate/Foundation/Http/Kernel.php(111): Illuminate\\Foundation\\Http\\Kernel->sendRequestThroughRouter()
#41 /home/lovis/Documents/G35-RECESS-WORK/public/index.php(52): Illuminate\\Foundation\\Http\\Kernel->handle()
#42 /home/lovis/Documents/G35-RECESS-WORK/server.php(21): require_once('/home/lovis/Doc...')
#43 {main}
"} 
[2022-02-14 08:15:33] production.ERROR: No application encryption key has been specified. {"exception":"[object] (Illuminate\\Encryption\\MissingAppKeyException(code: 0): No application encryption key has been specified. at /home/lovis/Documents/G35-RECESS-WORK/vendor/laravel/framework/src/Illuminate/Encryption/EncryptionServiceProvider.php:101)
[stacktrace]
#0 /home/lovis/Documents/G35-RECESS-WORK/vendor/laravel/framework/src/Illuminate/Support/helpers.php(263): Illuminate\\Encryption\\EncryptionServiceProvider->Illuminate\\Encryption\\{closure}()
#1 /home/lovis/Documents/G35-RECESS-WORK/vendor/laravel/framework/src/Illuminate/Encryption/EncryptionServiceProvider.php(103): tap()
#2 /home/lovis/Documents/G35-RECESS-WORK/vendor/laravel/framework/src/Illuminate/Encryption/EncryptionServiceProvider.php(82): Illuminate\\Encryption\\EncryptionServiceProvider->key()
#3 /home/lovis/Documents/G35-RECESS-WORK/vendor/laravel/framework/src/Illuminate/Encryption/EncryptionServiceProvider.php(34): Illuminate\\Encryption\\EncryptionServiceProvider->parseKey()
#4 /home/lovis/Documents/G35-RECESS-WORK/vendor/laravel/framework/src/Illuminate/Container/Container.php(873): Illuminate\\Encryption\\EncryptionServiceProvider->Illuminate\\Encryption\\{closure}()
#5 /home/lovis/Documents/G35-RECESS-WORK/vendor/laravel/framework/src/Illuminate/Container/Container.php(758): Illuminate\\Container\\Container->build()
#6 /home/lovis/Documents/G35-RECESS-WORK/vendor/laravel/framework/src/Illuminate/Foundation/Application.php(851): Illuminate\\Container\\Container->resolve()
#7 /home/lovis/Documents/G35-RECESS-WORK/vendor/laravel/framework/src/Illuminate/Container/Container.php(694): Illuminate\\Foundation\\Application->resolve()
#8 /home/lovis/Documents/G35-RECESS-WORK/vendor/laravel/framework/src/Illuminate/Foundation/Application.php(836): Illuminate\\Container\\Container->make()
#9 /home/lovis/Documents/G35-RECESS-WORK/vendor/laravel/framework/src/Illuminate/Container/Container.php(1027): Illuminate\\Foundation\\Application->make()
#10 /home/lovis/Documents/G35-RECESS-WORK/vendor/laravel/framework/src/Illuminate/Container/Container.php(947): Illuminate\\Container\\Container->resolveClass()
#11 /home/lovis/Documents/G35-RECESS-WORK/vendor/laravel/framework/src/Illuminate/Container/Container.php(908): Illuminate\\Container\\Container->resolveDependencies()
#12 /home/lovis/Documents/G35-RECESS-WORK/vendor/laravel/framework/src/Illuminate/Container/Container.php(758): Illuminate\\Container\\Container->build()
#13 /home/lovis/Documents/G35-RECESS-WORK/vendor/laravel/framework/src/Illuminate/Foundation/Application.php(851): Illuminate\\Container\\Container->resolve()
#14 /home/lovis/Documents/G35-RECESS-WORK/vendor/laravel/framework/src/Illuminate/Container/Container.php(694): Illuminate\\Foundation\\Application->resolve()
#15 /home/lovis/Documents/G35-RECESS-WORK/vendor/laravel/framework/src/Illuminate/Foundation/Application.php(836): Illuminate\\Container\\Container->make()
#16 /home/lovis/Documents/G35-RECESS-WORK/vendor/laravel/framework/src/Illuminate/Foundation/Http/Kernel.php(206): Illuminate\\Foundation\\Application->make()
#17 /home/lovis/Documents/G35-RECESS-WORK/vendor/laravel/framework/src/Illuminate/Foundation/Http/Kernel.php(180): Illuminate\\Foundation\\Http\\Kernel->terminateMiddleware()
#18 /home/lovis/Documents/G35-RECESS-WORK/public/index.php(55): Illuminate\\Foundation\\Http\\Kernel->terminate()
#19 /home/lovis/Documents/G35-RECESS-WORK/server.php(21): require_once('/home/lovis/Doc...')
#20 {main}
"} 
[2022-02-14 08:23:53] production.ERROR: No application encryption key has been specified. {"exception":"[object] (Illuminate\\Encryption\\MissingAppKeyException(code: 0): No application encryption key has been specified. at /home/lovis/Documents/G35-RECESS-WORK/vendor/laravel/framework/src/Illuminate/Encryption/EncryptionServiceProvider.php:101)
[stacktrace]
#0 /home/lovis/Documents/G35-RECESS-WORK/vendor/laravel/framework/src/Illuminate/Support/helpers.php(263): Illuminate\\Encryption\\EncryptionServiceProvider->Illuminate\\Encryption\\{closure}()
#1 /home/lovis/Documents/G35-RECESS-WORK/vendor/laravel/framework/src/Illuminate/Encryption/EncryptionServiceProvider.php(103): tap()
#2 /home/lovis/Documents/G35-RECESS-WORK/vendor/laravel/framework/src/Illuminate/Encryption/EncryptionServiceProvider.php(82): Illuminate\\Encryption\\EncryptionServiceProvider->key()
#3 /home/lovis/Documents/G35-RECESS-WORK/vendor/laravel/framework/src/Illuminate/Encryption/EncryptionServiceProvider.php(34): Illuminate\\Encryption\\EncryptionServiceProvider->parseKey()
#4 /home/lovis/Documents/G35-RECESS-WORK/vendor/laravel/framework/src/Illuminate/Container/Container.php(873): Illuminate\\Encryption\\EncryptionServiceProvider->Illuminate\\Encryption\\{closure}()
#5 /home/lovis/Documents/G35-RECESS-WORK/vendor/laravel/framework/src/Illuminate/Container/Container.php(758): Illuminate\\Container\\Container->build()
#6 /home/lovis/Documents/G35-RECESS-WORK/vendor/laravel/framework/src/Illuminate/Foundation/Application.php(851): Illuminate\\Container\\Container->resolve()
#7 /home/lovis/Documents/G35-RECESS-WORK/vendor/laravel/framework/src/Illuminate/Container/Container.php(694): Illuminate\\Foundation\\Application->resolve()
#8 /home/lovis/Documents/G35-RECESS-WORK/vendor/laravel/framework/src/Illuminate/Foundation/Application.php(836): Illuminate\\Container\\Container->make()
#9 /home/lovis/Documents/G35-RECESS-WORK/vendor/laravel/framework/src/Illuminate/Container/Container.php(1027): Illuminate\\Foundation\\Application->make()
#10 /home/lovis/Documents/G35-RECESS-WORK/vendor/laravel/framework/src/Illuminate/Container/Container.php(947): Illuminate\\Container\\Container->resolveClass()
#11 /home/lovis/Documents/G35-RECESS-WORK/vendor/laravel/framework/src/Illuminate/Container/Container.php(908): Illuminate\\Container\\Container->resolveDependencies()
#12 /home/lovis/Documents/G35-RECESS-WORK/vendor/laravel/framework/src/Illuminate/Container/Container.php(758): Illuminate\\Container\\Container->build()
#13 /home/lovis/Documents/G35-RECESS-WORK/vendor/laravel/framework/src/Illuminate/Foundation/Application.php(851): Illuminate\\Container\\Container->resolve()
#14 /home/lovis/Documents/G35-RECESS-WORK/vendor/laravel/framework/src/Illuminate/Container/Container.php(694): Illuminate\\Foundation\\Application->resolve()
#15 /home/lovis/Documents/G35-RECESS-WORK/vendor/laravel/framework/src/Illuminate/Foundation/Application.php(836): Illuminate\\Container\\Container->make()
#16 /home/lovis/Documents/G35-RECESS-WORK/vendor/laravel/framework/src/Illuminate/Pipeline/Pipeline.php(156): Illuminate\\Foundation\\Application->make()
#17 /home/lovis/Documents/G35-RECESS-WORK/vendor/laravel/framework/src/Illuminate/Pipeline/Pipeline.php(103): Illuminate\\Pipeline\\Pipeline->Illuminate\\Pipeline\\{closure}()
#18 /home/lovis/Documents/G35-RECESS-WORK/vendor/laravel/framework/src/Illuminate/Routing/Router.php(723): Illuminate\\Pipeline\\Pipeline->then()
#19 /home/lovis/Documents/G35-RECESS-WORK/vendor/laravel/framework/src/Illuminate/Routing/Router.php(698): Illuminate\\Routing\\Router->runRouteWithinStack()
#20 /home/lovis/Documents/G35-RECESS-WORK/vendor/laravel/framework/src/Illuminate/Routing/Router.php(662): Illuminate\\Routing\\Router->runRoute()
#21 /home/lovis/Documents/G35-RECESS-WORK/vendor/laravel/framework/src/Illuminate/Routing/Router.php(651): Illuminate\\Routing\\Router->dispatchToRoute()
#22 /home/lovis/Documents/G35-RECESS-WORK/vendor/laravel/framework/src/Illuminate/Foundation/Http/Kernel.php(167): Illuminate\\Routing\\Router->dispatch()
#23 /home/lovis/Documents/G35-RECESS-WORK/vendor/laravel/framework/src/Illuminate/Pipeline/Pipeline.php(128): Illuminate\\Foundation\\Http\\Kernel->Illuminate\\Foundation\\Http\\{closure}()
#24 /home/lovis/Documents/G35-RECESS-WORK/vendor/laravel/framework/src/Illuminate/Foundation/Http/Middleware/TransformsRequest.php(21): Illuminate\\Pipeline\\Pipeline->Illuminate\\Pipeline\\{closure}()
#25 /home/lovis/Documents/G35-RECESS-WORK/vendor/laravel/framework/src/Illuminate/Foundation/Http/Middleware/ConvertEmptyStringsToNull.php(31): Illuminate\\Foundation\\Http\\Middleware\\TransformsRequest->handle()
#26 /home/lovis/Documents/G35-RECESS-WORK/vendor/laravel/framework/src/Illuminate/Pipeline/Pipeline.php(167): Illuminate\\Foundation\\Http\\Middleware\\ConvertEmptyStringsToNull->handle()
#27 /home/lovis/Documents/G35-RECESS-WORK/vendor/laravel/framework/src/Illuminate/Foundation/Http/Middleware/TransformsRequest.php(21): Illuminate\\Pipeline\\Pipeline->Illuminate\\Pipeline\\{closure}()
#28 /home/lovis/Documents/G35-RECESS-WORK/vendor/laravel/framework/src/Illuminate/Foundation/Http/Middleware/TrimStrings.php(40): Illuminate\\Foundation\\Http\\Middleware\\TransformsRequest->handle()
#29 /home/lovis/Documents/G35-RECESS-WORK/vendor/laravel/framework/src/Illuminate/Pipeline/Pipeline.php(167): Illuminate\\Foundation\\Http\\Middleware\\TrimStrings->handle()
#30 /home/lovis/Documents/G35-RECESS-WORK/vendor/laravel/framework/src/Illuminate/Foundation/Http/Middleware/ValidatePostSize.php(27): Illuminate\\Pipeline\\Pipeline->Illuminate\\Pipeline\\{closure}()
#31 /home/lovis/Documents/G35-RECESS-WORK/vendor/laravel/framework/src/Illuminate/Pipeline/Pipeline.php(167): Illuminate\\Foundation\\Http\\Middleware\\ValidatePostSize->handle()
#32 /home/lovis/Documents/G35-RECESS-WORK/vendor/laravel/framework/src/Illuminate/Foundation/Http/Middleware/PreventRequestsDuringMaintenance.php(86): Illuminate\\Pipeline\\Pipeline->Illuminate\\Pipeline\\{closure}()
#33 /home/lovis/Documents/G35-RECESS-WORK/vendor/laravel/framework/src/Illuminate/Pipeline/Pipeline.php(167): Illuminate\\Foundation\\Http\\Middleware\\PreventRequestsDuringMaintenance->handle()
#34 /home/lovis/Documents/G35-RECESS-WORK/vendor/fruitcake/laravel-cors/src/HandleCors.php(38): Illuminate\\Pipeline\\Pipeline->Illuminate\\Pipeline\\{closure}()
#35 /home/lovis/Documents/G35-RECESS-WORK/vendor/laravel/framework/src/Illuminate/Pipeline/Pipeline.php(167): Fruitcake\\Cors\\HandleCors->handle()
#36 /home/lovis/Documents/G35-RECESS-WORK/vendor/fideloper/proxy/src/TrustProxies.php(57): Illuminate\\Pipeline\\Pipeline->Illuminate\\Pipeline\\{closure}()
#37 /home/lovis/Documents/G35-RECESS-WORK/vendor/laravel/framework/src/Illuminate/Pipeline/Pipeline.php(167): Fideloper\\Proxy\\TrustProxies->handle()
#38 /home/lovis/Documents/G35-RECESS-WORK/vendor/laravel/framework/src/Illuminate/Pipeline/Pipeline.php(103): Illuminate\\Pipeline\\Pipeline->Illuminate\\Pipeline\\{closure}()
#39 /home/lovis/Documents/G35-RECESS-WORK/vendor/laravel/framework/src/Illuminate/Foundation/Http/Kernel.php(142): Illuminate\\Pipeline\\Pipeline->then()
#40 /home/lovis/Documents/G35-RECESS-WORK/vendor/laravel/framework/src/Illuminate/Foundation/Http/Kernel.php(111): Illuminate\\Foundation\\Http\\Kernel->sendRequestThroughRouter()
#41 /home/lovis/Documents/G35-RECESS-WORK/public/index.php(52): Illuminate\\Foundation\\Http\\Kernel->handle()
#42 /home/lovis/Documents/G35-RECESS-WORK/server.php(21): require_once('/home/lovis/Doc...')
#43 {main}
"} 
[2022-02-14 08:23:53] production.ERROR: No application encryption key has been specified. {"exception":"[object] (Illuminate\\Encryption\\MissingAppKeyException(code: 0): No application encryption key has been specified. at /home/lovis/Documents/G35-RECESS-WORK/vendor/laravel/framework/src/Illuminate/Encryption/EncryptionServiceProvider.php:101)
[stacktrace]
#0 /home/lovis/Documents/G35-RECESS-WORK/vendor/laravel/framework/src/Illuminate/Support/helpers.php(263): Illuminate\\Encryption\\EncryptionServiceProvider->Illuminate\\Encryption\\{closure}()
#1 /home/lovis/Documents/G35-RECESS-WORK/vendor/laravel/framework/src/Illuminate/Encryption/EncryptionServiceProvider.php(103): tap()
#2 /home/lovis/Documents/G35-RECESS-WORK/vendor/laravel/framework/src/Illuminate/Encryption/EncryptionServiceProvider.php(82): Illuminate\\Encryption\\EncryptionServiceProvider->key()
#3 /home/lovis/Documents/G35-RECESS-WORK/vendor/laravel/framework/src/Illuminate/Encryption/EncryptionServiceProvider.php(34): Illuminate\\Encryption\\EncryptionServiceProvider->parseKey()
#4 /home/lovis/Documents/G35-RECESS-WORK/vendor/laravel/framework/src/Illuminate/Container/Container.php(873): Illuminate\\Encryption\\EncryptionServiceProvider->Illuminate\\Encryption\\{closure}()
#5 /home/lovis/Documents/G35-RECESS-WORK/vendor/laravel/framework/src/Illuminate/Container/Container.php(758): Illuminate\\Container\\Container->build()
#6 /home/lovis/Documents/G35-RECESS-WORK/vendor/laravel/framework/src/Illuminate/Foundation/Application.php(851): Illuminate\\Container\\Container->resolve()
#7 /home/lovis/Documents/G35-RECESS-WORK/vendor/laravel/framework/src/Illuminate/Container/Container.php(694): Illuminate\\Foundation\\Application->resolve()
#8 /home/lovis/Documents/G35-RECESS-WORK/vendor/laravel/framework/src/Illuminate/Foundation/Application.php(836): Illuminate\\Container\\Container->make()
#9 /home/lovis/Documents/G35-RECESS-WORK/vendor/laravel/framework/src/Illuminate/Container/Container.php(1027): Illuminate\\Foundation\\Application->make()
#10 /home/lovis/Documents/G35-RECESS-WORK/vendor/laravel/framework/src/Illuminate/Container/Container.php(947): Illuminate\\Container\\Container->resolveClass()
#11 /home/lovis/Documents/G35-RECESS-WORK/vendor/laravel/framework/src/Illuminate/Container/Container.php(908): Illuminate\\Container\\Container->resolveDependencies()
#12 /home/lovis/Documents/G35-RECESS-WORK/vendor/laravel/framework/src/Illuminate/Container/Container.php(758): Illuminate\\Container\\Container->build()
#13 /home/lovis/Documents/G35-RECESS-WORK/vendor/laravel/framework/src/Illuminate/Foundation/Application.php(851): Illuminate\\Container\\Container->resolve()
#14 /home/lovis/Documents/G35-RECESS-WORK/vendor/laravel/framework/src/Illuminate/Container/Container.php(694): Illuminate\\Foundation\\Application->resolve()
#15 /home/lovis/Documents/G35-RECESS-WORK/vendor/laravel/framework/src/Illuminate/Foundation/Application.php(836): Illuminate\\Container\\Container->make()
#16 /home/lovis/Documents/G35-RECESS-WORK/vendor/laravel/framework/src/Illuminate/Foundation/Http/Kernel.php(206): Illuminate\\Foundation\\Application->make()
#17 /home/lovis/Documents/G35-RECESS-WORK/vendor/laravel/framework/src/Illuminate/Foundation/Http/Kernel.php(180): Illuminate\\Foundation\\Http\\Kernel->terminateMiddleware()
#18 /home/lovis/Documents/G35-RECESS-WORK/public/index.php(55): Illuminate\\Foundation\\Http\\Kernel->terminate()
#19 /home/lovis/Documents/G35-RECESS-WORK/server.php(21): require_once('/home/lovis/Doc...')
#20 {main}
"} 
[2022-02-14 08:33:37] production.ERROR: No application encryption key has been specified. {"exception":"[object] (Illuminate\\Encryption\\MissingAppKeyException(code: 0): No application encryption key has been specified. at /home/lovis/Documents/G35-RECESS-WORK/vendor/laravel/framework/src/Illuminate/Encryption/EncryptionServiceProvider.php:101)
[stacktrace]
#0 /home/lovis/Documents/G35-RECESS-WORK/vendor/laravel/framework/src/Illuminate/Support/helpers.php(263): Illuminate\\Encryption\\EncryptionServiceProvider->Illuminate\\Encryption\\{closure}()
#1 /home/lovis/Documents/G35-RECESS-WORK/vendor/laravel/framework/src/Illuminate/Encryption/EncryptionServiceProvider.php(103): tap()
#2 /home/lovis/Documents/G35-RECESS-WORK/vendor/laravel/framework/src/Illuminate/Encryption/EncryptionServiceProvider.php(82): Illuminate\\Encryption\\EncryptionServiceProvider->key()
#3 /home/lovis/Documents/G35-RECESS-WORK/vendor/laravel/framework/src/Illuminate/Encryption/EncryptionServiceProvider.php(34): Illuminate\\Encryption\\EncryptionServiceProvider->parseKey()
#4 /home/lovis/Documents/G35-RECESS-WORK/vendor/laravel/framework/src/Illuminate/Container/Container.php(873): Illuminate\\Encryption\\EncryptionServiceProvider->Illuminate\\Encryption\\{closure}()
#5 /home/lovis/Documents/G35-RECESS-WORK/vendor/laravel/framework/src/Illuminate/Container/Container.php(758): Illuminate\\Container\\Container->build()
#6 /home/lovis/Documents/G35-RECESS-WORK/vendor/laravel/framework/src/Illuminate/Foundation/Application.php(851): Illuminate\\Container\\Container->resolve()
#7 /home/lovis/Documents/G35-RECESS-WORK/vendor/laravel/framework/src/Illuminate/Container/Container.php(694): Illuminate\\Foundation\\Application->resolve()
#8 /home/lovis/Documents/G35-RECESS-WORK/vendor/laravel/framework/src/Illuminate/Foundation/Application.php(836): Illuminate\\Container\\Container->make()
#9 /home/lovis/Documents/G35-RECESS-WORK/vendor/laravel/framework/src/Illuminate/Container/Container.php(1027): Illuminate\\Foundation\\Application->make()
#10 /home/lovis/Documents/G35-RECESS-WORK/vendor/laravel/framework/src/Illuminate/Container/Container.php(947): Illuminate\\Container\\Container->resolveClass()
#11 /home/lovis/Documents/G35-RECESS-WORK/vendor/laravel/framework/src/Illuminate/Container/Container.php(908): Illuminate\\Container\\Container->resolveDependencies()
#12 /home/lovis/Documents/G35-RECESS-WORK/vendor/laravel/framework/src/Illuminate/Container/Container.php(758): Illuminate\\Container\\Container->build()
#13 /home/lovis/Documents/G35-RECESS-WORK/vendor/laravel/framework/src/Illuminate/Foundation/Application.php(851): Illuminate\\Container\\Container->resolve()
#14 /home/lovis/Documents/G35-RECESS-WORK/vendor/laravel/framework/src/Illuminate/Container/Container.php(694): Illuminate\\Foundation\\Application->resolve()
#15 /home/lovis/Documents/G35-RECESS-WORK/vendor/laravel/framework/src/Illuminate/Foundation/Application.php(836): Illuminate\\Container\\Container->make()
#16 /home/lovis/Documents/G35-RECESS-WORK/vendor/laravel/framework/src/Illuminate/Pipeline/Pipeline.php(156): Illuminate\\Foundation\\Application->make()
#17 /home/lovis/Documents/G35-RECESS-WORK/vendor/laravel/framework/src/Illuminate/Pipeline/Pipeline.php(103): Illuminate\\Pipeline\\Pipeline->Illuminate\\Pipeline\\{closure}()
#18 /home/lovis/Documents/G35-RECESS-WORK/vendor/laravel/framework/src/Illuminate/Routing/Router.php(723): Illuminate\\Pipeline\\Pipeline->then()
#19 /home/lovis/Documents/G35-RECESS-WORK/vendor/laravel/framework/src/Illuminate/Routing/Router.php(698): Illuminate\\Routing\\Router->runRouteWithinStack()
#20 /home/lovis/Documents/G35-RECESS-WORK/vendor/laravel/framework/src/Illuminate/Routing/Router.php(662): Illuminate\\Routing\\Router->runRoute()
#21 /home/lovis/Documents/G35-RECESS-WORK/vendor/laravel/framework/src/Illuminate/Routing/Router.php(651): Illuminate\\Routing\\Router->dispatchToRoute()
#22 /home/lovis/Documents/G35-RECESS-WORK/vendor/laravel/framework/src/Illuminate/Foundation/Http/Kernel.php(167): Illuminate\\Routing\\Router->dispatch()
#23 /home/lovis/Documents/G35-RECESS-WORK/vendor/laravel/framework/src/Illuminate/Pipeline/Pipeline.php(128): Illuminate\\Foundation\\Http\\Kernel->Illuminate\\Foundation\\Http\\{closure}()
#24 /home/lovis/Documents/G35-RECESS-WORK/vendor/laravel/framework/src/Illuminate/Foundation/Http/Middleware/TransformsRequest.php(21): Illuminate\\Pipeline\\Pipeline->Illuminate\\Pipeline\\{closure}()
#25 /home/lovis/Documents/G35-RECESS-WORK/vendor/laravel/framework/src/Illuminate/Foundation/Http/Middleware/ConvertEmptyStringsToNull.php(31): Illuminate\\Foundation\\Http\\Middleware\\TransformsRequest->handle()
#26 /home/lovis/Documents/G35-RECESS-WORK/vendor/laravel/framework/src/Illuminate/Pipeline/Pipeline.php(167): Illuminate\\Foundation\\Http\\Middleware\\ConvertEmptyStringsToNull->handle()
#27 /home/lovis/Documents/G35-RECESS-WORK/vendor/laravel/framework/src/Illuminate/Foundation/Http/Middleware/TransformsRequest.php(21): Illuminate\\Pipeline\\Pipeline->Illuminate\\Pipeline\\{closure}()
#28 /home/lovis/Documents/G35-RECESS-WORK/vendor/laravel/framework/src/Illuminate/Foundation/Http/Middleware/TrimStrings.php(40): Illuminate\\Foundation\\Http\\Middleware\\TransformsRequest->handle()
#29 /home/lovis/Documents/G35-RECESS-WORK/vendor/laravel/framework/src/Illuminate/Pipeline/Pipeline.php(167): Illuminate\\Foundation\\Http\\Middleware\\TrimStrings->handle()
#30 /home/lovis/Documents/G35-RECESS-WORK/vendor/laravel/framework/src/Illuminate/Foundation/Http/Middleware/ValidatePostSize.php(27): Illuminate\\Pipeline\\Pipeline->Illuminate\\Pipeline\\{closure}()
#31 /home/lovis/Documents/G35-RECESS-WORK/vendor/laravel/framework/src/Illuminate/Pipeline/Pipeline.php(167): Illuminate\\Foundation\\Http\\Middleware\\ValidatePostSize->handle()
#32 /home/lovis/Documents/G35-RECESS-WORK/vendor/laravel/framework/src/Illuminate/Foundation/Http/Middleware/PreventRequestsDuringMaintenance.php(86): Illuminate\\Pipeline\\Pipeline->Illuminate\\Pipeline\\{closure}()
#33 /home/lovis/Documents/G35-RECESS-WORK/vendor/laravel/framework/src/Illuminate/Pipeline/Pipeline.php(167): Illuminate\\Foundation\\Http\\Middleware\\PreventRequestsDuringMaintenance->handle()
#34 /home/lovis/Documents/G35-RECESS-WORK/vendor/fruitcake/laravel-cors/src/HandleCors.php(38): Illuminate\\Pipeline\\Pipeline->Illuminate\\Pipeline\\{closure}()
#35 /home/lovis/Documents/G35-RECESS-WORK/vendor/laravel/framework/src/Illuminate/Pipeline/Pipeline.php(167): Fruitcake\\Cors\\HandleCors->handle()
#36 /home/lovis/Documents/G35-RECESS-WORK/vendor/fideloper/proxy/src/TrustProxies.php(57): Illuminate\\Pipeline\\Pipeline->Illuminate\\Pipeline\\{closure}()
#37 /home/lovis/Documents/G35-RECESS-WORK/vendor/laravel/framework/src/Illuminate/Pipeline/Pipeline.php(167): Fideloper\\Proxy\\TrustProxies->handle()
#38 /home/lovis/Documents/G35-RECESS-WORK/vendor/laravel/framework/src/Illuminate/Pipeline/Pipeline.php(103): Illuminate\\Pipeline\\Pipeline->Illuminate\\Pipeline\\{closure}()
#39 /home/lovis/Documents/G35-RECESS-WORK/vendor/laravel/framework/src/Illuminate/Foundation/Http/Kernel.php(142): Illuminate\\Pipeline\\Pipeline->then()
#40 /home/lovis/Documents/G35-RECESS-WORK/vendor/laravel/framework/src/Illuminate/Foundation/Http/Kernel.php(111): Illuminate\\Foundation\\Http\\Kernel->sendRequestThroughRouter()
#41 /home/lovis/Documents/G35-RECESS-WORK/public/index.php(52): Illuminate\\Foundation\\Http\\Kernel->handle()
#42 /home/lovis/Documents/G35-RECESS-WORK/server.php(21): require_once('/home/lovis/Doc...')
#43 {main}
"} 
[2022-02-14 08:33:37] production.ERROR: No application encryption key has been specified. {"exception":"[object] (Illuminate\\Encryption\\MissingAppKeyException(code: 0): No application encryption key has been specified. at /home/lovis/Documents/G35-RECESS-WORK/vendor/laravel/framework/src/Illuminate/Encryption/EncryptionServiceProvider.php:101)
[stacktrace]
#0 /home/lovis/Documents/G35-RECESS-WORK/vendor/laravel/framework/src/Illuminate/Support/helpers.php(263): Illuminate\\Encryption\\EncryptionServiceProvider->Illuminate\\Encryption\\{closure}()
#1 /home/lovis/Documents/G35-RECESS-WORK/vendor/laravel/framework/src/Illuminate/Encryption/EncryptionServiceProvider.php(103): tap()
#2 /home/lovis/Documents/G35-RECESS-WORK/vendor/laravel/framework/src/Illuminate/Encryption/EncryptionServiceProvider.php(82): Illuminate\\Encryption\\EncryptionServiceProvider->key()
#3 /home/lovis/Documents/G35-RECESS-WORK/vendor/laravel/framework/src/Illuminate/Encryption/EncryptionServiceProvider.php(34): Illuminate\\Encryption\\EncryptionServiceProvider->parseKey()
#4 /home/lovis/Documents/G35-RECESS-WORK/vendor/laravel/framework/src/Illuminate/Container/Container.php(873): Illuminate\\Encryption\\EncryptionServiceProvider->Illuminate\\Encryption\\{closure}()
#5 /home/lovis/Documents/G35-RECESS-WORK/vendor/laravel/framework/src/Illuminate/Container/Container.php(758): Illuminate\\Container\\Container->build()
#6 /home/lovis/Documents/G35-RECESS-WORK/vendor/laravel/framework/src/Illuminate/Foundation/Application.php(851): Illuminate\\Container\\Container->resolve()
#7 /home/lovis/Documents/G35-RECESS-WORK/vendor/laravel/framework/src/Illuminate/Container/Container.php(694): Illuminate\\Foundation\\Application->resolve()
#8 /home/lovis/Documents/G35-RECESS-WORK/vendor/laravel/framework/src/Illuminate/Foundation/Application.php(836): Illuminate\\Container\\Container->make()
#9 /home/lovis/Documents/G35-RECESS-WORK/vendor/laravel/framework/src/Illuminate/Container/Container.php(1027): Illuminate\\Foundation\\Application->make()
#10 /home/lovis/Documents/G35-RECESS-WORK/vendor/laravel/framework/src/Illuminate/Container/Container.php(947): Illuminate\\Container\\Container->resolveClass()
#11 /home/lovis/Documents/G35-RECESS-WORK/vendor/laravel/framework/src/Illuminate/Container/Container.php(908): Illuminate\\Container\\Container->resolveDependencies()
#12 /home/lovis/Documents/G35-RECESS-WORK/vendor/laravel/framework/src/Illuminate/Container/Container.php(758): Illuminate\\Container\\Container->build()
#13 /home/lovis/Documents/G35-RECESS-WORK/vendor/laravel/framework/src/Illuminate/Foundation/Application.php(851): Illuminate\\Container\\Container->resolve()
#14 /home/lovis/Documents/G35-RECESS-WORK/vendor/laravel/framework/src/Illuminate/Container/Container.php(694): Illuminate\\Foundation\\Application->resolve()
#15 /home/lovis/Documents/G35-RECESS-WORK/vendor/laravel/framework/src/Illuminate/Foundation/Application.php(836): Illuminate\\Container\\Container->make()
#16 /home/lovis/Documents/G35-RECESS-WORK/vendor/laravel/framework/src/Illuminate/Foundation/Http/Kernel.php(206): Illuminate\\Foundation\\Application->make()
#17 /home/lovis/Documents/G35-RECESS-WORK/vendor/laravel/framework/src/Illuminate/Foundation/Http/Kernel.php(180): Illuminate\\Foundation\\Http\\Kernel->terminateMiddleware()
#18 /home/lovis/Documents/G35-RECESS-WORK/public/index.php(55): Illuminate\\Foundation\\Http\\Kernel->terminate()
#19 /home/lovis/Documents/G35-RECESS-WORK/server.php(21): require_once('/home/lovis/Doc...')
#20 {main}
"} 
[2022-02-14 08:50:23] production.ERROR: No application encryption key has been specified. {"exception":"[object] (Illuminate\\Encryption\\MissingAppKeyException(code: 0): No application encryption key has been specified. at /home/lovis/Documents/G35-RECESS-WORK/vendor/laravel/framework/src/Illuminate/Encryption/EncryptionServiceProvider.php:101)
[stacktrace]
#0 /home/lovis/Documents/G35-RECESS-WORK/vendor/laravel/framework/src/Illuminate/Support/helpers.php(263): Illuminate\\Encryption\\EncryptionServiceProvider->Illuminate\\Encryption\\{closure}()
#1 /home/lovis/Documents/G35-RECESS-WORK/vendor/laravel/framework/src/Illuminate/Encryption/EncryptionServiceProvider.php(103): tap()
#2 /home/lovis/Documents/G35-RECESS-WORK/vendor/laravel/framework/src/Illuminate/Encryption/EncryptionServiceProvider.php(82): Illuminate\\Encryption\\EncryptionServiceProvider->key()
#3 /home/lovis/Documents/G35-RECESS-WORK/vendor/laravel/framework/src/Illuminate/Encryption/EncryptionServiceProvider.php(34): Illuminate\\Encryption\\EncryptionServiceProvider->parseKey()
#4 /home/lovis/Documents/G35-RECESS-WORK/vendor/laravel/framework/src/Illuminate/Container/Container.php(873): Illuminate\\Encryption\\EncryptionServiceProvider->Illuminate\\Encryption\\{closure}()
#5 /home/lovis/Documents/G35-RECESS-WORK/vendor/laravel/framework/src/Illuminate/Container/Container.php(758): Illuminate\\Container\\Container->build()
#6 /home/lovis/Documents/G35-RECESS-WORK/vendor/laravel/framework/src/Illuminate/Foundation/Application.php(851): Illuminate\\Container\\Container->resolve()
#7 /home/lovis/Documents/G35-RECESS-WORK/vendor/laravel/framework/src/Illuminate/Container/Container.php(694): Illuminate\\Foundation\\Application->resolve()
#8 /home/lovis/Documents/G35-RECESS-WORK/vendor/laravel/framework/src/Illuminate/Foundation/Application.php(836): Illuminate\\Container\\Container->make()
#9 /home/lovis/Documents/G35-RECESS-WORK/vendor/laravel/framework/src/Illuminate/Container/Container.php(1027): Illuminate\\Foundation\\Application->make()
#10 /home/lovis/Documents/G35-RECESS-WORK/vendor/laravel/framework/src/Illuminate/Container/Container.php(947): Illuminate\\Container\\Container->resolveClass()
#11 /home/lovis/Documents/G35-RECESS-WORK/vendor/laravel/framework/src/Illuminate/Container/Container.php(908): Illuminate\\Container\\Container->resolveDependencies()
#12 /home/lovis/Documents/G35-RECESS-WORK/vendor/laravel/framework/src/Illuminate/Container/Container.php(758): Illuminate\\Container\\Container->build()
#13 /home/lovis/Documents/G35-RECESS-WORK/vendor/laravel/framework/src/Illuminate/Foundation/Application.php(851): Illuminate\\Container\\Container->resolve()
#14 /home/lovis/Documents/G35-RECESS-WORK/vendor/laravel/framework/src/Illuminate/Container/Container.php(694): Illuminate\\Foundation\\Application->resolve()
#15 /home/lovis/Documents/G35-RECESS-WORK/vendor/laravel/framework/src/Illuminate/Foundation/Application.php(836): Illuminate\\Container\\Container->make()
#16 /home/lovis/Documents/G35-RECESS-WORK/vendor/laravel/framework/src/Illuminate/Pipeline/Pipeline.php(156): Illuminate\\Foundation\\Application->make()
#17 /home/lovis/Documents/G35-RECESS-WORK/vendor/laravel/framework/src/Illuminate/Pipeline/Pipeline.php(103): Illuminate\\Pipeline\\Pipeline->Illuminate\\Pipeline\\{closure}()
#18 /home/lovis/Documents/G35-RECESS-WORK/vendor/laravel/framework/src/Illuminate/Routing/Router.php(723): Illuminate\\Pipeline\\Pipeline->then()
#19 /home/lovis/Documents/G35-RECESS-WORK/vendor/laravel/framework/src/Illuminate/Routing/Router.php(698): Illuminate\\Routing\\Router->runRouteWithinStack()
#20 /home/lovis/Documents/G35-RECESS-WORK/vendor/laravel/framework/src/Illuminate/Routing/Router.php(662): Illuminate\\Routing\\Router->runRoute()
#21 /home/lovis/Documents/G35-RECESS-WORK/vendor/laravel/framework/src/Illuminate/Routing/Router.php(651): Illuminate\\Routing\\Router->dispatchToRoute()
#22 /home/lovis/Documents/G35-RECESS-WORK/vendor/laravel/framework/src/Illuminate/Foundation/Http/Kernel.php(167): Illuminate\\Routing\\Router->dispatch()
#23 /home/lovis/Documents/G35-RECESS-WORK/vendor/laravel/framework/src/Illuminate/Pipeline/Pipeline.php(128): Illuminate\\Foundation\\Http\\Kernel->Illuminate\\Foundation\\Http\\{closure}()
#24 /home/lovis/Documents/G35-RECESS-WORK/vendor/laravel/framework/src/Illuminate/Foundation/Http/Middleware/TransformsRequest.php(21): Illuminate\\Pipeline\\Pipeline->Illuminate\\Pipeline\\{closure}()
#25 /home/lovis/Documents/G35-RECESS-WORK/vendor/laravel/framework/src/Illuminate/Foundation/Http/Middleware/ConvertEmptyStringsToNull.php(31): Illuminate\\Foundation\\Http\\Middleware\\TransformsRequest->handle()
#26 /home/lovis/Documents/G35-RECESS-WORK/vendor/laravel/framework/src/Illuminate/Pipeline/Pipeline.php(167): Illuminate\\Foundation\\Http\\Middleware\\ConvertEmptyStringsToNull->handle()
#27 /home/lovis/Documents/G35-RECESS-WORK/vendor/laravel/framework/src/Illuminate/Foundation/Http/Middleware/TransformsRequest.php(21): Illuminate\\Pipeline\\Pipeline->Illuminate\\Pipeline\\{closure}()
#28 /home/lovis/Documents/G35-RECESS-WORK/vendor/laravel/framework/src/Illuminate/Foundation/Http/Middleware/TrimStrings.php(40): Illuminate\\Foundation\\Http\\Middleware\\TransformsRequest->handle()
#29 /home/lovis/Documents/G35-RECESS-WORK/vendor/laravel/framework/src/Illuminate/Pipeline/Pipeline.php(167): Illuminate\\Foundation\\Http\\Middleware\\TrimStrings->handle()
#30 /home/lovis/Documents/G35-RECESS-WORK/vendor/laravel/framework/src/Illuminate/Foundation/Http/Middleware/ValidatePostSize.php(27): Illuminate\\Pipeline\\Pipeline->Illuminate\\Pipeline\\{closure}()
#31 /home/lovis/Documents/G35-RECESS-WORK/vendor/laravel/framework/src/Illuminate/Pipeline/Pipeline.php(167): Illuminate\\Foundation\\Http\\Middleware\\ValidatePostSize->handle()
#32 /home/lovis/Documents/G35-RECESS-WORK/vendor/laravel/framework/src/Illuminate/Foundation/Http/Middleware/PreventRequestsDuringMaintenance.php(86): Illuminate\\Pipeline\\Pipeline->Illuminate\\Pipeline\\{closure}()
#33 /home/lovis/Documents/G35-RECESS-WORK/vendor/laravel/framework/src/Illuminate/Pipeline/Pipeline.php(167): Illuminate\\Foundation\\Http\\Middleware\\PreventRequestsDuringMaintenance->handle()
#34 /home/lovis/Documents/G35-RECESS-WORK/vendor/fruitcake/laravel-cors/src/HandleCors.php(38): Illuminate\\Pipeline\\Pipeline->Illuminate\\Pipeline\\{closure}()
#35 /home/lovis/Documents/G35-RECESS-WORK/vendor/laravel/framework/src/Illuminate/Pipeline/Pipeline.php(167): Fruitcake\\Cors\\HandleCors->handle()
#36 /home/lovis/Documents/G35-RECESS-WORK/vendor/fideloper/proxy/src/TrustProxies.php(57): Illuminate\\Pipeline\\Pipeline->Illuminate\\Pipeline\\{closure}()
#37 /home/lovis/Documents/G35-RECESS-WORK/vendor/laravel/framework/src/Illuminate/Pipeline/Pipeline.php(167): Fideloper\\Proxy\\TrustProxies->handle()
#38 /home/lovis/Documents/G35-RECESS-WORK/vendor/laravel/framework/src/Illuminate/Pipeline/Pipeline.php(103): Illuminate\\Pipeline\\Pipeline->Illuminate\\Pipeline\\{closure}()
#39 /home/lovis/Documents/G35-RECESS-WORK/vendor/laravel/framework/src/Illuminate/Foundation/Http/Kernel.php(142): Illuminate\\Pipeline\\Pipeline->then()
#40 /home/lovis/Documents/G35-RECESS-WORK/vendor/laravel/framework/src/Illuminate/Foundation/Http/Kernel.php(111): Illuminate\\Foundation\\Http\\Kernel->sendRequestThroughRouter()
#41 /home/lovis/Documents/G35-RECESS-WORK/public/index.php(52): Illuminate\\Foundation\\Http\\Kernel->handle()
#42 /home/lovis/Documents/G35-RECESS-WORK/server.php(21): require_once('/home/lovis/Doc...')
#43 {main}
"} 
[2022-02-14 08:50:23] production.ERROR: No application encryption key has been specified. {"exception":"[object] (Illuminate\\Encryption\\MissingAppKeyException(code: 0): No application encryption key has been specified. at /home/lovis/Documents/G35-RECESS-WORK/vendor/laravel/framework/src/Illuminate/Encryption/EncryptionServiceProvider.php:101)
[stacktrace]
#0 /home/lovis/Documents/G35-RECESS-WORK/vendor/laravel/framework/src/Illuminate/Support/helpers.php(263): Illuminate\\Encryption\\EncryptionServiceProvider->Illuminate\\Encryption\\{closure}()
#1 /home/lovis/Documents/G35-RECESS-WORK/vendor/laravel/framework/src/Illuminate/Encryption/EncryptionServiceProvider.php(103): tap()
#2 /home/lovis/Documents/G35-RECESS-WORK/vendor/laravel/framework/src/Illuminate/Encryption/EncryptionServiceProvider.php(82): Illuminate\\Encryption\\EncryptionServiceProvider->key()
#3 /home/lovis/Documents/G35-RECESS-WORK/vendor/laravel/framework/src/Illuminate/Encryption/EncryptionServiceProvider.php(34): Illuminate\\Encryption\\EncryptionServiceProvider->parseKey()
#4 /home/lovis/Documents/G35-RECESS-WORK/vendor/laravel/framework/src/Illuminate/Container/Container.php(873): Illuminate\\Encryption\\EncryptionServiceProvider->Illuminate\\Encryption\\{closure}()
#5 /home/lovis/Documents/G35-RECESS-WORK/vendor/laravel/framework/src/Illuminate/Container/Container.php(758): Illuminate\\Container\\Container->build()
#6 /home/lovis/Documents/G35-RECESS-WORK/vendor/laravel/framework/src/Illuminate/Foundation/Application.php(851): Illuminate\\Container\\Container->resolve()
#7 /home/lovis/Documents/G35-RECESS-WORK/vendor/laravel/framework/src/Illuminate/Container/Container.php(694): Illuminate\\Foundation\\Application->resolve()
#8 /home/lovis/Documents/G35-RECESS-WORK/vendor/laravel/framework/src/Illuminate/Foundation/Application.php(836): Illuminate\\Container\\Container->make()
#9 /home/lovis/Documents/G35-RECESS-WORK/vendor/laravel/framework/src/Illuminate/Container/Container.php(1027): Illuminate\\Foundation\\Application->make()
#10 /home/lovis/Documents/G35-RECESS-WORK/vendor/laravel/framework/src/Illuminate/Container/Container.php(947): Illuminate\\Container\\Container->resolveClass()
#11 /home/lovis/Documents/G35-RECESS-WORK/vendor/laravel/framework/src/Illuminate/Container/Container.php(908): Illuminate\\Container\\Container->resolveDependencies()
#12 /home/lovis/Documents/G35-RECESS-WORK/vendor/laravel/framework/src/Illuminate/Container/Container.php(758): Illuminate\\Container\\Container->build()
#13 /home/lovis/Documents/G35-RECESS-WORK/vendor/laravel/framework/src/Illuminate/Foundation/Application.php(851): Illuminate\\Container\\Container->resolve()
#14 /home/lovis/Documents/G35-RECESS-WORK/vendor/laravel/framework/src/Illuminate/Container/Container.php(694): Illuminate\\Foundation\\Application->resolve()
#15 /home/lovis/Documents/G35-RECESS-WORK/vendor/laravel/framework/src/Illuminate/Foundation/Application.php(836): Illuminate\\Container\\Container->make()
#16 /home/lovis/Documents/G35-RECESS-WORK/vendor/laravel/framework/src/Illuminate/Foundation/Http/Kernel.php(206): Illuminate\\Foundation\\Application->make()
#17 /home/lovis/Documents/G35-RECESS-WORK/vendor/laravel/framework/src/Illuminate/Foundation/Http/Kernel.php(180): Illuminate\\Foundation\\Http\\Kernel->terminateMiddleware()
#18 /home/lovis/Documents/G35-RECESS-WORK/public/index.php(55): Illuminate\\Foundation\\Http\\Kernel->terminate()
#19 /home/lovis/Documents/G35-RECESS-WORK/server.php(21): require_once('/home/lovis/Doc...')
#20 {main}
"} 
[2022-02-14 20:59:23] production.ERROR: file_get_contents(/home/lovis/Music/Kindercare/mywork-kindercare/.env): failed to open stream: No such file or directory {"exception":"[object] (ErrorException(code: 0): file_get_contents(/home/lovis/Music/Kindercare/mywork-kindercare/.env): failed to open stream: No such file or directory at /home/lovis/Music/Kindercare/mywork-kindercare/vendor/laravel/framework/src/Illuminate/Foundation/Console/KeyGenerateCommand.php:96)
[stacktrace]
#0 [internal function]: Illuminate\\Foundation\\Bootstrap\\HandleExceptions->handleError()
#1 /home/lovis/Music/Kindercare/mywork-kindercare/vendor/laravel/framework/src/Illuminate/Foundation/Console/KeyGenerateCommand.php(96): file_get_contents()
#2 /home/lovis/Music/Kindercare/mywork-kindercare/vendor/laravel/framework/src/Illuminate/Foundation/Console/KeyGenerateCommand.php(80): Illuminate\\Foundation\\Console\\KeyGenerateCommand->writeNewEnvironmentFileWith()
#3 /home/lovis/Music/Kindercare/mywork-kindercare/vendor/laravel/framework/src/Illuminate/Foundation/Console/KeyGenerateCommand.php(45): Illuminate\\Foundation\\Console\\KeyGenerateCommand->setKeyInEnvironmentFile()
#4 /home/lovis/Music/Kindercare/mywork-kindercare/vendor/laravel/framework/src/Illuminate/Container/BoundMethod.php(36): Illuminate\\Foundation\\Console\\KeyGenerateCommand->handle()
#5 /home/lovis/Music/Kindercare/mywork-kindercare/vendor/laravel/framework/src/Illuminate/Container/Util.php(40): Illuminate\\Container\\BoundMethod::Illuminate\\Container\\{closure}()
#6 /home/lovis/Music/Kindercare/mywork-kindercare/vendor/laravel/framework/src/Illuminate/Container/BoundMethod.php(93): Illuminate\\Container\\Util::unwrapIfClosure()
#7 /home/lovis/Music/Kindercare/mywork-kindercare/vendor/laravel/framework/src/Illuminate/Container/BoundMethod.php(37): Illuminate\\Container\\BoundMethod::callBoundMethod()
#8 /home/lovis/Music/Kindercare/mywork-kindercare/vendor/laravel/framework/src/Illuminate/Container/Container.php(653): Illuminate\\Container\\BoundMethod::call()
#9 /home/lovis/Music/Kindercare/mywork-kindercare/vendor/laravel/framework/src/Illuminate/Console/Command.php(136): Illuminate\\Container\\Container->call()
#10 /home/lovis/Music/Kindercare/mywork-kindercare/vendor/symfony/console/Command/Command.php(298): Illuminate\\Console\\Command->execute()
#11 /home/lovis/Music/Kindercare/mywork-kindercare/vendor/laravel/framework/src/Illuminate/Console/Command.php(121): Symfony\\Component\\Console\\Command\\Command->run()
#12 /home/lovis/Music/Kindercare/mywork-kindercare/vendor/symfony/console/Application.php(1015): Illuminate\\Console\\Command->run()
#13 /home/lovis/Music/Kindercare/mywork-kindercare/vendor/symfony/console/Application.php(299): Symfony\\Component\\Console\\Application->doRunCommand()
#14 /home/lovis/Music/Kindercare/mywork-kindercare/vendor/symfony/console/Application.php(171): Symfony\\Component\\Console\\Application->doRun()
#15 /home/lovis/Music/Kindercare/mywork-kindercare/vendor/laravel/framework/src/Illuminate/Console/Application.php(94): Symfony\\Component\\Console\\Application->run()
#16 /home/lovis/Music/Kindercare/mywork-kindercare/vendor/laravel/framework/src/Illuminate/Foundation/Console/Kernel.php(129): Illuminate\\Console\\Application->run()
#17 /home/lovis/Music/Kindercare/mywork-kindercare/artisan(37): Illuminate\\Foundation\\Console\\Kernel->handle()
#18 {main}
"} 
[2022-02-14 21:00:57] production.ERROR: file_get_contents(/home/lovis/Music/Kindercare/mywork-kindercare/.env): failed to open stream: No such file or directory {"exception":"[object] (ErrorException(code: 0): file_get_contents(/home/lovis/Music/Kindercare/mywork-kindercare/.env): failed to open stream: No such file or directory at /home/lovis/Music/Kindercare/mywork-kindercare/vendor/laravel/framework/src/Illuminate/Foundation/Console/KeyGenerateCommand.php:96)
[stacktrace]
#0 [internal function]: Illuminate\\Foundation\\Bootstrap\\HandleExceptions->handleError()
#1 /home/lovis/Music/Kindercare/mywork-kindercare/vendor/laravel/framework/src/Illuminate/Foundation/Console/KeyGenerateCommand.php(96): file_get_contents()
#2 /home/lovis/Music/Kindercare/mywork-kindercare/vendor/laravel/framework/src/Illuminate/Foundation/Console/KeyGenerateCommand.php(80): Illuminate\\Foundation\\Console\\KeyGenerateCommand->writeNewEnvironmentFileWith()
#3 /home/lovis/Music/Kindercare/mywork-kindercare/vendor/laravel/framework/src/Illuminate/Foundation/Console/KeyGenerateCommand.php(45): Illuminate\\Foundation\\Console\\KeyGenerateCommand->setKeyInEnvironmentFile()
#4 /home/lovis/Music/Kindercare/mywork-kindercare/vendor/laravel/framework/src/Illuminate/Container/BoundMethod.php(36): Illuminate\\Foundation\\Console\\KeyGenerateCommand->handle()
#5 /home/lovis/Music/Kindercare/mywork-kindercare/vendor/laravel/framework/src/Illuminate/Container/Util.php(40): Illuminate\\Container\\BoundMethod::Illuminate\\Container\\{closure}()
#6 /home/lovis/Music/Kindercare/mywork-kindercare/vendor/laravel/framework/src/Illuminate/Container/BoundMethod.php(93): Illuminate\\Container\\Util::unwrapIfClosure()
#7 /home/lovis/Music/Kindercare/mywork-kindercare/vendor/laravel/framework/src/Illuminate/Container/BoundMethod.php(37): Illuminate\\Container\\BoundMethod::callBoundMethod()
#8 /home/lovis/Music/Kindercare/mywork-kindercare/vendor/laravel/framework/src/Illuminate/Container/Container.php(653): Illuminate\\Container\\BoundMethod::call()
#9 /home/lovis/Music/Kindercare/mywork-kindercare/vendor/laravel/framework/src/Illuminate/Console/Command.php(136): Illuminate\\Container\\Container->call()
#10 /home/lovis/Music/Kindercare/mywork-kindercare/vendor/symfony/console/Command/Command.php(298): Illuminate\\Console\\Command->execute()
#11 /home/lovis/Music/Kindercare/mywork-kindercare/vendor/laravel/framework/src/Illuminate/Console/Command.php(121): Symfony\\Component\\Console\\Command\\Command->run()
#12 /home/lovis/Music/Kindercare/mywork-kindercare/vendor/symfony/console/Application.php(1015): Illuminate\\Console\\Command->run()
#13 /home/lovis/Music/Kindercare/mywork-kindercare/vendor/symfony/console/Application.php(299): Symfony\\Component\\Console\\Application->doRunCommand()
#14 /home/lovis/Music/Kindercare/mywork-kindercare/vendor/symfony/console/Application.php(171): Symfony\\Component\\Console\\Application->doRun()
#15 /home/lovis/Music/Kindercare/mywork-kindercare/vendor/laravel/framework/src/Illuminate/Console/Application.php(94): Symfony\\Component\\Console\\Application->run()
#16 /home/lovis/Music/Kindercare/mywork-kindercare/vendor/laravel/framework/src/Illuminate/Foundation/Console/Kernel.php(129): Illuminate\\Console\\Application->run()
#17 /home/lovis/Music/Kindercare/mywork-kindercare/artisan(37): Illuminate\\Foundation\\Console\\Kernel->handle()
#18 {main}
"} 
[2022-02-14 21:02:32] production.ERROR: file_get_contents(/home/lovis/Music/Kindercare/mywork-kindercare/.env): failed to open stream: No such file or directory {"exception":"[object] (ErrorException(code: 0): file_get_contents(/home/lovis/Music/Kindercare/mywork-kindercare/.env): failed to open stream: No such file or directory at /home/lovis/Music/Kindercare/mywork-kindercare/vendor/laravel/framework/src/Illuminate/Foundation/Console/KeyGenerateCommand.php:96)
[stacktrace]
#0 [internal function]: Illuminate\\Foundation\\Bootstrap\\HandleExceptions->handleError()
#1 /home/lovis/Music/Kindercare/mywork-kindercare/vendor/laravel/framework/src/Illuminate/Foundation/Console/KeyGenerateCommand.php(96): file_get_contents()
#2 /home/lovis/Music/Kindercare/mywork-kindercare/vendor/laravel/framework/src/Illuminate/Foundation/Console/KeyGenerateCommand.php(80): Illuminate\\Foundation\\Console\\KeyGenerateCommand->writeNewEnvironmentFileWith()
#3 /home/lovis/Music/Kindercare/mywork-kindercare/vendor/laravel/framework/src/Illuminate/Foundation/Console/KeyGenerateCommand.php(45): Illuminate\\Foundation\\Console\\KeyGenerateCommand->setKeyInEnvironmentFile()
#4 /home/lovis/Music/Kindercare/mywork-kindercare/vendor/laravel/framework/src/Illuminate/Container/BoundMethod.php(36): Illuminate\\Foundation\\Console\\KeyGenerateCommand->handle()
#5 /home/lovis/Music/Kindercare/mywork-kindercare/vendor/laravel/framework/src/Illuminate/Container/Util.php(40): Illuminate\\Container\\BoundMethod::Illuminate\\Container\\{closure}()
#6 /home/lovis/Music/Kindercare/mywork-kindercare/vendor/laravel/framework/src/Illuminate/Container/BoundMethod.php(93): Illuminate\\Container\\Util::unwrapIfClosure()
#7 /home/lovis/Music/Kindercare/mywork-kindercare/vendor/laravel/framework/src/Illuminate/Container/BoundMethod.php(37): Illuminate\\Container\\BoundMethod::callBoundMethod()
#8 /home/lovis/Music/Kindercare/mywork-kindercare/vendor/laravel/framework/src/Illuminate/Container/Container.php(653): Illuminate\\Container\\BoundMethod::call()
#9 /home/lovis/Music/Kindercare/mywork-kindercare/vendor/laravel/framework/src/Illuminate/Console/Command.php(136): Illuminate\\Container\\Container->call()
#10 /home/lovis/Music/Kindercare/mywork-kindercare/vendor/symfony/console/Command/Command.php(298): Illuminate\\Console\\Command->execute()
#11 /home/lovis/Music/Kindercare/mywork-kindercare/vendor/laravel/framework/src/Illuminate/Console/Command.php(121): Symfony\\Component\\Console\\Command\\Command->run()
#12 /home/lovis/Music/Kindercare/mywork-kindercare/vendor/symfony/console/Application.php(1015): Illuminate\\Console\\Command->run()
#13 /home/lovis/Music/Kindercare/mywork-kindercare/vendor/symfony/console/Application.php(299): Symfony\\Component\\Console\\Application->doRunCommand()
#14 /home/lovis/Music/Kindercare/mywork-kindercare/vendor/symfony/console/Application.php(171): Symfony\\Component\\Console\\Application->doRun()
#15 /home/lovis/Music/Kindercare/mywork-kindercare/vendor/laravel/framework/src/Illuminate/Console/Application.php(94): Symfony\\Component\\Console\\Application->run()
#16 /home/lovis/Music/Kindercare/mywork-kindercare/vendor/laravel/framework/src/Illuminate/Foundation/Console/Kernel.php(129): Illuminate\\Console\\Application->run()
#17 /home/lovis/Music/Kindercare/mywork-kindercare/artisan(37): Illuminate\\Foundation\\Console\\Kernel->handle()
#18 {main}
"} 
[2022-02-14 21:05:05] production.ERROR: file_get_contents(/home/lovis/Music/Kindercare/mywork-kindercare/.env): failed to open stream: No such file or directory {"exception":"[object] (ErrorException(code: 0): file_get_contents(/home/lovis/Music/Kindercare/mywork-kindercare/.env): failed to open stream: No such file or directory at /home/lovis/Music/Kindercare/mywork-kindercare/vendor/laravel/framework/src/Illuminate/Foundation/Console/KeyGenerateCommand.php:96)
[stacktrace]
#0 [internal function]: Illuminate\\Foundation\\Bootstrap\\HandleExceptions->handleError()
#1 /home/lovis/Music/Kindercare/mywork-kindercare/vendor/laravel/framework/src/Illuminate/Foundation/Console/KeyGenerateCommand.php(96): file_get_contents()
#2 /home/lovis/Music/Kindercare/mywork-kindercare/vendor/laravel/framework/src/Illuminate/Foundation/Console/KeyGenerateCommand.php(80): Illuminate\\Foundation\\Console\\KeyGenerateCommand->writeNewEnvironmentFileWith()
#3 /home/lovis/Music/Kindercare/mywork-kindercare/vendor/laravel/framework/src/Illuminate/Foundation/Console/KeyGenerateCommand.php(45): Illuminate\\Foundation\\Console\\KeyGenerateCommand->setKeyInEnvironmentFile()
#4 /home/lovis/Music/Kindercare/mywork-kindercare/vendor/laravel/framework/src/Illuminate/Container/BoundMethod.php(36): Illuminate\\Foundation\\Console\\KeyGenerateCommand->handle()
#5 /home/lovis/Music/Kindercare/mywork-kindercare/vendor/laravel/framework/src/Illuminate/Container/Util.php(40): Illuminate\\Container\\BoundMethod::Illuminate\\Container\\{closure}()
#6 /home/lovis/Music/Kindercare/mywork-kindercare/vendor/laravel/framework/src/Illuminate/Container/BoundMethod.php(93): Illuminate\\Container\\Util::unwrapIfClosure()
#7 /home/lovis/Music/Kindercare/mywork-kindercare/vendor/laravel/framework/src/Illuminate/Container/BoundMethod.php(37): Illuminate\\Container\\BoundMethod::callBoundMethod()
#8 /home/lovis/Music/Kindercare/mywork-kindercare/vendor/laravel/framework/src/Illuminate/Container/Container.php(653): Illuminate\\Container\\BoundMethod::call()
#9 /home/lovis/Music/Kindercare/mywork-kindercare/vendor/laravel/framework/src/Illuminate/Console/Command.php(136): Illuminate\\Container\\Container->call()
#10 /home/lovis/Music/Kindercare/mywork-kindercare/vendor/symfony/console/Command/Command.php(298): Illuminate\\Console\\Command->execute()
#11 /home/lovis/Music/Kindercare/mywork-kindercare/vendor/laravel/framework/src/Illuminate/Console/Command.php(121): Symfony\\Component\\Console\\Command\\Command->run()
#12 /home/lovis/Music/Kindercare/mywork-kindercare/vendor/symfony/console/Application.php(1015): Illuminate\\Console\\Command->run()
#13 /home/lovis/Music/Kindercare/mywork-kindercare/vendor/symfony/console/Application.php(299): Symfony\\Component\\Console\\Application->doRunCommand()
#14 /home/lovis/Music/Kindercare/mywork-kindercare/vendor/symfony/console/Application.php(171): Symfony\\Component\\Console\\Application->doRun()
#15 /home/lovis/Music/Kindercare/mywork-kindercare/vendor/laravel/framework/src/Illuminate/Console/Application.php(94): Symfony\\Component\\Console\\Application->run()
#16 /home/lovis/Music/Kindercare/mywork-kindercare/vendor/laravel/framework/src/Illuminate/Foundation/Console/Kernel.php(129): Illuminate\\Console\\Application->run()
#17 /home/lovis/Music/Kindercare/mywork-kindercare/artisan(37): Illuminate\\Foundation\\Console\\Kernel->handle()
#18 {main}
"} 
[2022-02-14 21:05:26] production.ERROR: file_get_contents(/home/lovis/Music/Kindercare/mywork-kindercare/.env): failed to open stream: No such file or directory {"exception":"[object] (ErrorException(code: 0): file_get_contents(/home/lovis/Music/Kindercare/mywork-kindercare/.env): failed to open stream: No such file or directory at /home/lovis/Music/Kindercare/mywork-kindercare/vendor/laravel/framework/src/Illuminate/Foundation/Console/KeyGenerateCommand.php:96)
[stacktrace]
#0 [internal function]: Illuminate\\Foundation\\Bootstrap\\HandleExceptions->handleError()
#1 /home/lovis/Music/Kindercare/mywork-kindercare/vendor/laravel/framework/src/Illuminate/Foundation/Console/KeyGenerateCommand.php(96): file_get_contents()
#2 /home/lovis/Music/Kindercare/mywork-kindercare/vendor/laravel/framework/src/Illuminate/Foundation/Console/KeyGenerateCommand.php(80): Illuminate\\Foundation\\Console\\KeyGenerateCommand->writeNewEnvironmentFileWith()
#3 /home/lovis/Music/Kindercare/mywork-kindercare/vendor/laravel/framework/src/Illuminate/Foundation/Console/KeyGenerateCommand.php(45): Illuminate\\Foundation\\Console\\KeyGenerateCommand->setKeyInEnvironmentFile()
#4 /home/lovis/Music/Kindercare/mywork-kindercare/vendor/laravel/framework/src/Illuminate/Container/BoundMethod.php(36): Illuminate\\Foundation\\Console\\KeyGenerateCommand->handle()
#5 /home/lovis/Music/Kindercare/mywork-kindercare/vendor/laravel/framework/src/Illuminate/Container/Util.php(40): Illuminate\\Container\\BoundMethod::Illuminate\\Container\\{closure}()
#6 /home/lovis/Music/Kindercare/mywork-kindercare/vendor/laravel/framework/src/Illuminate/Container/BoundMethod.php(93): Illuminate\\Container\\Util::unwrapIfClosure()
#7 /home/lovis/Music/Kindercare/mywork-kindercare/vendor/laravel/framework/src/Illuminate/Container/BoundMethod.php(37): Illuminate\\Container\\BoundMethod::callBoundMethod()
#8 /home/lovis/Music/Kindercare/mywork-kindercare/vendor/laravel/framework/src/Illuminate/Container/Container.php(653): Illuminate\\Container\\BoundMethod::call()
#9 /home/lovis/Music/Kindercare/mywork-kindercare/vendor/laravel/framework/src/Illuminate/Console/Command.php(136): Illuminate\\Container\\Container->call()
#10 /home/lovis/Music/Kindercare/mywork-kindercare/vendor/symfony/console/Command/Command.php(298): Illuminate\\Console\\Command->execute()
#11 /home/lovis/Music/Kindercare/mywork-kindercare/vendor/laravel/framework/src/Illuminate/Console/Command.php(121): Symfony\\Component\\Console\\Command\\Command->run()
#12 /home/lovis/Music/Kindercare/mywork-kindercare/vendor/symfony/console/Application.php(1015): Illuminate\\Console\\Command->run()
#13 /home/lovis/Music/Kindercare/mywork-kindercare/vendor/symfony/console/Application.php(299): Symfony\\Component\\Console\\Application->doRunCommand()
#14 /home/lovis/Music/Kindercare/mywork-kindercare/vendor/symfony/console/Application.php(171): Symfony\\Component\\Console\\Application->doRun()
#15 /home/lovis/Music/Kindercare/mywork-kindercare/vendor/laravel/framework/src/Illuminate/Console/Application.php(94): Symfony\\Component\\Console\\Application->run()
#16 /home/lovis/Music/Kindercare/mywork-kindercare/vendor/laravel/framework/src/Illuminate/Foundation/Console/Kernel.php(129): Illuminate\\Console\\Application->run()
#17 /home/lovis/Music/Kindercare/mywork-kindercare/artisan(37): Illuminate\\Foundation\\Console\\Kernel->handle()
#18 {main}
"} 
[2022-02-14 21:12:52] production.ERROR: file_get_contents(/home/lovis/Music/Kindercare/mywork-kindercare/.env): failed to open stream: No such file or directory {"exception":"[object] (ErrorException(code: 0): file_get_contents(/home/lovis/Music/Kindercare/mywork-kindercare/.env): failed to open stream: No such file or directory at /home/lovis/Music/Kindercare/mywork-kindercare/vendor/laravel/framework/src/Illuminate/Foundation/Console/KeyGenerateCommand.php:96)
[stacktrace]
#0 [internal function]: Illuminate\\Foundation\\Bootstrap\\HandleExceptions->handleError()
#1 /home/lovis/Music/Kindercare/mywork-kindercare/vendor/laravel/framework/src/Illuminate/Foundation/Console/KeyGenerateCommand.php(96): file_get_contents()
#2 /home/lovis/Music/Kindercare/mywork-kindercare/vendor/laravel/framework/src/Illuminate/Foundation/Console/KeyGenerateCommand.php(80): Illuminate\\Foundation\\Console\\KeyGenerateCommand->writeNewEnvironmentFileWith()
#3 /home/lovis/Music/Kindercare/mywork-kindercare/vendor/laravel/framework/src/Illuminate/Foundation/Console/KeyGenerateCommand.php(45): Illuminate\\Foundation\\Console\\KeyGenerateCommand->setKeyInEnvironmentFile()
#4 /home/lovis/Music/Kindercare/mywork-kindercare/vendor/laravel/framework/src/Illuminate/Container/BoundMethod.php(36): Illuminate\\Foundation\\Console\\KeyGenerateCommand->handle()
#5 /home/lovis/Music/Kindercare/mywork-kindercare/vendor/laravel/framework/src/Illuminate/Container/Util.php(40): Illuminate\\Container\\BoundMethod::Illuminate\\Container\\{closure}()
#6 /home/lovis/Music/Kindercare/mywork-kindercare/vendor/laravel/framework/src/Illuminate/Container/BoundMethod.php(93): Illuminate\\Container\\Util::unwrapIfClosure()
#7 /home/lovis/Music/Kindercare/mywork-kindercare/vendor/laravel/framework/src/Illuminate/Container/BoundMethod.php(37): Illuminate\\Container\\BoundMethod::callBoundMethod()
#8 /home/lovis/Music/Kindercare/mywork-kindercare/vendor/laravel/framework/src/Illuminate/Container/Container.php(653): Illuminate\\Container\\BoundMethod::call()
#9 /home/lovis/Music/Kindercare/mywork-kindercare/vendor/laravel/framework/src/Illuminate/Console/Command.php(136): Illuminate\\Container\\Container->call()
#10 /home/lovis/Music/Kindercare/mywork-kindercare/vendor/symfony/console/Command/Command.php(298): Illuminate\\Console\\Command->execute()
#11 /home/lovis/Music/Kindercare/mywork-kindercare/vendor/laravel/framework/src/Illuminate/Console/Command.php(121): Symfony\\Component\\Console\\Command\\Command->run()
#12 /home/lovis/Music/Kindercare/mywork-kindercare/vendor/symfony/console/Application.php(1015): Illuminate\\Console\\Command->run()
#13 /home/lovis/Music/Kindercare/mywork-kindercare/vendor/symfony/console/Application.php(299): Symfony\\Component\\Console\\Application->doRunCommand()
#14 /home/lovis/Music/Kindercare/mywork-kindercare/vendor/symfony/console/Application.php(171): Symfony\\Component\\Console\\Application->doRun()
#15 /home/lovis/Music/Kindercare/mywork-kindercare/vendor/laravel/framework/src/Illuminate/Console/Application.php(94): Symfony\\Component\\Console\\Application->run()
#16 /home/lovis/Music/Kindercare/mywork-kindercare/vendor/laravel/framework/src/Illuminate/Foundation/Console/Kernel.php(129): Illuminate\\Console\\Application->run()
#17 /home/lovis/Music/Kindercare/mywork-kindercare/artisan(37): Illuminate\\Foundation\\Console\\Kernel->handle()
#18 {main}
"} 
[2022-02-14 22:17:07] local.ERROR: Command "migate" is not defined.

Did you mean one of these?
    migrate
    migrate:fresh
    migrate:install
    migrate:refresh
    migrate:reset
    migrate:rollback
    migrate:status {"exception":"[object] (Symfony\\Component\\Console\\Exception\\CommandNotFoundException(code: 0): Command \"migate\" is not defined.

Did you mean one of these?
    migrate
    migrate:fresh
    migrate:install
    migrate:refresh
    migrate:reset
    migrate:rollback
    migrate:status at /home/lovis/Music/Kindercare/mywork-kindercare/vendor/symfony/console/Application.php:709)
[stacktrace]
#0 /home/lovis/Music/Kindercare/mywork-kindercare/vendor/symfony/console/Application.php(259): Symfony\\Component\\Console\\Application->find()
#1 /home/lovis/Music/Kindercare/mywork-kindercare/vendor/symfony/console/Application.php(171): Symfony\\Component\\Console\\Application->doRun()
#2 /home/lovis/Music/Kindercare/mywork-kindercare/vendor/laravel/framework/src/Illuminate/Console/Application.php(94): Symfony\\Component\\Console\\Application->run()
#3 /home/lovis/Music/Kindercare/mywork-kindercare/vendor/laravel/framework/src/Illuminate/Foundation/Console/Kernel.php(129): Illuminate\\Console\\Application->run()
#4 /home/lovis/Music/Kindercare/mywork-kindercare/artisan(37): Illuminate\\Foundation\\Console\\Kernel->handle()
#5 {main}
"} 
[2022-02-14 22:18:03] local.ERROR: There are no commands defined in the "mydatabase" namespace. {"exception":"[object] (Symfony\\Component\\Console\\Exception\\NamespaceNotFoundException(code: 0): There are no commands defined in the \"mydatabase\" namespace. at /home/lovis/Music/Kindercare/mywork-kindercare/vendor/symfony/console/Application.php:639)
[stacktrace]
#0 /home/lovis/Music/Kindercare/mywork-kindercare/vendor/symfony/console/Application.php(690): Symfony\\Component\\Console\\Application->findNamespace()
#1 /home/lovis/Music/Kindercare/mywork-kindercare/vendor/symfony/console/Application.php(259): Symfony\\Component\\Console\\Application->find()
#2 /home/lovis/Music/Kindercare/mywork-kindercare/vendor/symfony/console/Application.php(171): Symfony\\Component\\Console\\Application->doRun()
#3 /home/lovis/Music/Kindercare/mywork-kindercare/vendor/laravel/framework/src/Illuminate/Console/Application.php(94): Symfony\\Component\\Console\\Application->run()
#4 /home/lovis/Music/Kindercare/mywork-kindercare/vendor/laravel/framework/src/Illuminate/Foundation/Console/Kernel.php(129): Illuminate\\Console\\Application->run()
#5 /home/lovis/Music/Kindercare/mywork-kindercare/artisan(37): Illuminate\\Foundation\\Console\\Kernel->handle()
#6 {main}
"} 
[2022-02-14 22:18:24] local.ERROR: There are no commands defined in the "mydatabase" namespace. {"exception":"[object] (Symfony\\Component\\Console\\Exception\\NamespaceNotFoundException(code: 0): There are no commands defined in the \"mydatabase\" namespace. at /home/lovis/Music/Kindercare/mywork-kindercare/vendor/symfony/console/Application.php:639)
[stacktrace]
#0 /home/lovis/Music/Kindercare/mywork-kindercare/vendor/symfony/console/Application.php(690): Symfony\\Component\\Console\\Application->findNamespace()
#1 /home/lovis/Music/Kindercare/mywork-kindercare/vendor/symfony/console/Application.php(259): Symfony\\Component\\Console\\Application->find()
#2 /home/lovis/Music/Kindercare/mywork-kindercare/vendor/symfony/console/Application.php(171): Symfony\\Component\\Console\\Application->doRun()
#3 /home/lovis/Music/Kindercare/mywork-kindercare/vendor/laravel/framework/src/Illuminate/Console/Application.php(94): Symfony\\Component\\Console\\Application->run()
#4 /home/lovis/Music/Kindercare/mywork-kindercare/vendor/laravel/framework/src/Illuminate/Foundation/Console/Kernel.php(129): Illuminate\\Console\\Application->run()
#5 /home/lovis/Music/Kindercare/mywork-kindercare/artisan(37): Illuminate\\Foundation\\Console\\Kernel->handle()
#6 {main}
"} 
[2022-02-14 22:18:55] local.ERROR: There are no commands defined in the "mydatabase" namespace. {"exception":"[object] (Symfony\\Component\\Console\\Exception\\NamespaceNotFoundException(code: 0): There are no commands defined in the \"mydatabase\" namespace. at /home/lovis/Music/Kindercare/mywork-kindercare/vendor/symfony/console/Application.php:639)
[stacktrace]
#0 /home/lovis/Music/Kindercare/mywork-kindercare/vendor/symfony/console/Application.php(690): Symfony\\Component\\Console\\Application->findNamespace()
#1 /home/lovis/Music/Kindercare/mywork-kindercare/vendor/symfony/console/Application.php(259): Symfony\\Component\\Console\\Application->find()
#2 /home/lovis/Music/Kindercare/mywork-kindercare/vendor/symfony/console/Application.php(171): Symfony\\Component\\Console\\Application->doRun()
#3 /home/lovis/Music/Kindercare/mywork-kindercare/vendor/laravel/framework/src/Illuminate/Console/Application.php(94): Symfony\\Component\\Console\\Application->run()
#4 /home/lovis/Music/Kindercare/mywork-kindercare/vendor/laravel/framework/src/Illuminate/Foundation/Console/Kernel.php(129): Illuminate\\Console\\Application->run()
#5 /home/lovis/Music/Kindercare/mywork-kindercare/artisan(37): Illuminate\\Foundation\\Console\\Kernel->handle()
#6 {main}
"} 
